{"/home/travis/build/npmtest/node-npmtest-director/test.js":{"path":"/home/travis/build/npmtest/node-npmtest-director/test.js","s":{"1":2,"2":2,"3":2,"4":2,"5":2,"6":2,"7":2,"8":1,"9":2,"10":2,"11":1,"12":1,"13":1,"14":1,"15":2,"16":2,"17":2,"18":2,"19":1,"20":1,"21":2,"22":2,"23":2,"24":1,"25":1,"26":1,"27":1,"28":1,"29":1,"30":1,"31":1,"32":1,"33":1,"34":1,"35":1,"36":1,"37":2,"38":2,"39":1,"40":2,"41":2,"42":1,"43":2,"44":2,"45":1,"46":2,"47":2,"48":1,"49":1,"50":1,"51":1,"52":1},"b":{"1":[2,1,1,1],"2":[1,1,1,1],"3":[1,1],"4":[1,1],"5":[1,1],"6":[1,1],"7":[1,1],"8":[1,1],"9":[1,1,1],"10":[1,1],"11":[1,1],"12":[1,1],"13":[1,1],"14":[1,1],"15":[1,1],"16":[1,1]},"f":{"1":2,"2":2,"3":2,"4":2,"5":2,"6":1,"7":1,"8":2,"9":2,"10":2,"11":2,"12":1},"fnMap":{"1":{"name":"(anonymous_1)","line":12,"loc":{"start":{"line":12,"column":1},"end":{"line":12,"column":13}}},"2":{"name":"(anonymous_2)","line":19,"loc":{"start":{"line":19,"column":5},"end":{"line":19,"column":17}}},"3":{"name":"(anonymous_3)","line":23,"loc":{"start":{"line":23,"column":24},"end":{"line":23,"column":36}}},"4":{"name":"(anonymous_4)","line":61,"loc":{"start":{"line":61,"column":5},"end":{"line":61,"column":17}}},"5":{"name":"(anonymous_5)","line":82,"loc":{"start":{"line":82,"column":5},"end":{"line":82,"column":17}}},"6":{"name":"(anonymous_6)","line":102,"loc":{"start":{"line":102,"column":83},"end":{"line":105,"column":10}},"skip":true},"7":{"name":"(anonymous_7)","line":113,"loc":{"start":{"line":113,"column":77},"end":{"line":116,"column":10}},"skip":true},"8":{"name":"(anonymous_8)","line":129,"loc":{"start":{"line":129,"column":12},"end":{"line":129,"column":40}},"skip":true},"9":{"name":"(anonymous_9)","line":137,"loc":{"start":{"line":137,"column":77},"end":{"line":140,"column":10}},"skip":true},"10":{"name":"(anonymous_10)","line":148,"loc":{"start":{"line":148,"column":83},"end":{"line":151,"column":10}},"skip":true},"11":{"name":"(anonymous_11)","line":159,"loc":{"start":{"line":159,"column":79},"end":{"line":162,"column":10}},"skip":true},"12":{"name":"(anonymous_12)","line":170,"loc":{"start":{"line":170,"column":75},"end":{"line":173,"column":10}},"skip":true}},"statementMap":{"1":{"start":{"line":12,"column":0},"end":{"line":185,"column":5}},"2":{"start":{"line":14,"column":4},"end":{"line":14,"column":14}},"3":{"start":{"line":19,"column":4},"end":{"line":56,"column":9}},"4":{"start":{"line":21,"column":8},"end":{"line":21,"column":19}},"5":{"start":{"line":23,"column":8},"end":{"line":35,"column":13}},"6":{"start":{"line":24,"column":12},"end":{"line":34,"column":13}},"7":{"start":{"line":25,"column":16},"end":{"line":28,"column":30}},"8":{"start":{"line":30,"column":16},"end":{"line":33,"column":27}},"9":{"start":{"line":37,"column":8},"end":{"line":39,"column":21}},"10":{"start":{"line":40,"column":8},"end":{"line":53,"column":9}},"11":{"start":{"line":43,"column":12},"end":{"line":46,"column":14}},"12":{"start":{"line":47,"column":12},"end":{"line":47,"column":18}},"13":{"start":{"line":50,"column":12},"end":{"line":51,"column":46}},"14":{"start":{"line":52,"column":12},"end":{"line":52,"column":18}},"15":{"start":{"line":55,"column":8},"end":{"line":55,"column":35}},"16":{"start":{"line":61,"column":4},"end":{"line":63,"column":9}},"17":{"start":{"line":62,"column":8},"end":{"line":62,"column":15}},"18":{"start":{"line":64,"column":4},"end":{"line":77,"column":5}},"19":{"start":{"line":70,"column":8},"end":{"line":70,"column":14}},"20":{"start":{"line":76,"column":8},"end":{"line":76,"column":14}},"21":{"start":{"line":82,"column":4},"end":{"line":84,"column":9}},"22":{"start":{"line":83,"column":8},"end":{"line":83,"column":15}},"23":{"start":{"line":85,"column":4},"end":{"line":184,"column":5}},"24":{"start":{"line":92,"column":8},"end":{"line":94,"column":63}},"25":{"start":{"line":95,"column":8},"end":{"line":95,"column":14}},"26":{"start":{"line":102,"column":8},"end":{"line":111,"column":10},"skip":true},"27":{"start":{"line":109,"column":12},"end":{"line":109,"column":55},"skip":true},"28":{"start":{"line":110,"column":12},"end":{"line":110,"column":48},"skip":true},"29":{"start":{"line":113,"column":8},"end":{"line":126,"column":10},"skip":true},"30":{"start":{"line":120,"column":12},"end":{"line":120,"column":76},"skip":true},"31":{"start":{"line":121,"column":12},"end":{"line":121,"column":73},"skip":true},"32":{"start":{"line":122,"column":12},"end":{"line":122,"column":74},"skip":true},"33":{"start":{"line":123,"column":12},"end":{"line":123,"column":79},"skip":true},"34":{"start":{"line":124,"column":12},"end":{"line":124,"column":25},"skip":true},"35":{"start":{"line":125,"column":12},"end":{"line":125,"column":45},"skip":true},"36":{"start":{"line":128,"column":8},"end":{"line":135,"column":14},"skip":true},"37":{"start":{"line":133,"column":16},"end":{"line":133,"column":29},"skip":true},"38":{"start":{"line":134,"column":16},"end":{"line":134,"column":55},"skip":true},"39":{"start":{"line":137,"column":8},"end":{"line":146,"column":10},"skip":true},"40":{"start":{"line":144,"column":12},"end":{"line":144,"column":25},"skip":true},"41":{"start":{"line":145,"column":12},"end":{"line":145,"column":45},"skip":true},"42":{"start":{"line":148,"column":8},"end":{"line":157,"column":10},"skip":true},"43":{"start":{"line":155,"column":12},"end":{"line":155,"column":25},"skip":true},"44":{"start":{"line":156,"column":12},"end":{"line":156,"column":48},"skip":true},"45":{"start":{"line":159,"column":8},"end":{"line":168,"column":10},"skip":true},"46":{"start":{"line":166,"column":12},"end":{"line":166,"column":25},"skip":true},"47":{"start":{"line":167,"column":12},"end":{"line":167,"column":46},"skip":true},"48":{"start":{"line":170,"column":8},"end":{"line":179,"column":10},"skip":true},"49":{"start":{"line":177,"column":12},"end":{"line":177,"column":94},"skip":true},"50":{"start":{"line":178,"column":12},"end":{"line":178,"column":48},"skip":true},"51":{"start":{"line":182,"column":8},"end":{"line":182,"column":35},"skip":true},"52":{"start":{"line":183,"column":8},"end":{"line":183,"column":14},"skip":true}},"branchMap":{"1":{"line":25,"type":"binary-expr","locations":[{"start":{"line":25,"column":23},"end":{"line":25,"column":62}},{"start":{"line":26,"column":20},"end":{"line":26,"column":70}},{"start":{"line":27,"column":20},"end":{"line":27,"column":71}},{"start":{"line":28,"column":20},"end":{"line":28,"column":29}}]},"2":{"line":30,"type":"binary-expr","locations":[{"start":{"line":30,"column":23},"end":{"line":30,"column":37}},{"start":{"line":31,"column":20},"end":{"line":31,"column":61}},{"start":{"line":32,"column":20},"end":{"line":32,"column":70}},{"start":{"line":33,"column":20},"end":{"line":33,"column":26}}]},"3":{"line":37,"type":"cond-expr","locations":[{"start":{"line":38,"column":14},"end":{"line":38,"column":20}},{"start":{"line":39,"column":14},"end":{"line":39,"column":20}}]},"4":{"line":40,"type":"switch","locations":[{"start":{"line":42,"column":8},"end":{"line":47,"column":18}},{"start":{"line":49,"column":8},"end":{"line":52,"column":18}}]},"5":{"line":44,"type":"binary-expr","locations":[{"start":{"line":44,"column":16},"end":{"line":44,"column":44}},{"start":{"line":44,"column":48},"end":{"line":44,"column":66}}]},"6":{"line":50,"type":"binary-expr","locations":[{"start":{"line":50,"column":21},"end":{"line":50,"column":49}},{"start":{"line":50,"column":53},"end":{"line":50,"column":72}}]},"7":{"line":64,"type":"switch","locations":[{"start":{"line":69,"column":4},"end":{"line":70,"column":14}},{"start":{"line":75,"column":4},"end":{"line":76,"column":14}}]},"8":{"line":85,"type":"switch","locations":[{"start":{"line":90,"column":4},"end":{"line":95,"column":14}},{"start":{"line":101,"column":4},"end":{"line":183,"column":14},"skip":true}]},"9":{"line":92,"type":"binary-expr","locations":[{"start":{"line":92,"column":18},"end":{"line":92,"column":32}},{"start":{"line":93,"column":12},"end":{"line":93,"column":53}},{"start":{"line":94,"column":12},"end":{"line":94,"column":61}}]},"10":{"line":102,"type":"binary-expr","locations":[{"start":{"line":102,"column":45},"end":{"line":102,"column":79},"skip":true},{"start":{"line":102,"column":83},"end":{"line":111,"column":9},"skip":true}]},"11":{"line":113,"type":"binary-expr","locations":[{"start":{"line":113,"column":42},"end":{"line":113,"column":73},"skip":true},{"start":{"line":113,"column":77},"end":{"line":126,"column":9},"skip":true}]},"12":{"line":128,"type":"binary-expr","locations":[{"start":{"line":128,"column":48},"end":{"line":128,"column":85},"skip":true},{"start":{"line":129,"column":12},"end":{"line":135,"column":13},"skip":true}]},"13":{"line":137,"type":"binary-expr","locations":[{"start":{"line":137,"column":42},"end":{"line":137,"column":73},"skip":true},{"start":{"line":137,"column":77},"end":{"line":146,"column":9},"skip":true}]},"14":{"line":148,"type":"binary-expr","locations":[{"start":{"line":148,"column":45},"end":{"line":148,"column":79},"skip":true},{"start":{"line":148,"column":83},"end":{"line":157,"column":9},"skip":true}]},"15":{"line":159,"type":"binary-expr","locations":[{"start":{"line":159,"column":43},"end":{"line":159,"column":75},"skip":true},{"start":{"line":159,"column":79},"end":{"line":168,"column":9},"skip":true}]},"16":{"line":170,"type":"binary-expr","locations":[{"start":{"line":170,"column":41},"end":{"line":170,"column":71},"skip":true},{"start":{"line":170,"column":75},"end":{"line":179,"column":9},"skip":true}]}},"code":["/* istanbul instrument in package npmtest_director */","/*jslint","    bitwise: true,","    browser: true,","    maxerr: 8,","    maxlen: 96,","    node: true,","    nomen: true,","    regexp: true,","    stupid: true","*/","(function () {","    'use strict';","    var local;","","","","    // run shared js-env code - pre-init","    (function () {","        // init local","        local = {};","        // init modeJs","        local.modeJs = (function () {","            try {","                return typeof navigator.userAgent === 'string' &&","                    typeof document.querySelector('body') === 'object' &&","                    typeof XMLHttpRequest.prototype.open === 'function' &&","                    'browser';","            } catch (errorCaughtBrowser) {","                return module.exports &&","                    typeof process.versions.node === 'string' &&","                    typeof require('http').createServer === 'function' &&","                    'node';","            }","        }());","        // init global","        local.global = local.modeJs === 'browser'","            ? window","            : global;","        switch (local.modeJs) {","        // re-init local from window.local","        case 'browser':","            local = local.global.utility2.objectSetDefault(","                local.global.utility2_rollup || local.global.local,","                local.global.utility2","            );","            break;","        // re-init local from example.js","        case 'node':","            local = (local.global.utility2_rollup || require('utility2'))","                .requireExampleJsFromReadme();","            break;","        }","        // export local","        local.global.local = local;","    }());","","","","    // run shared js-env code - function","    (function () {","        return;","    }());","    switch (local.modeJs) {","","","","    // run browser js-env code - function","    case 'browser':","        break;","","","","    // run node js-env code - function","    case 'node':","        break;","    }","","","","    // run shared js-env code - post-init","    (function () {","        return;","    }());","    switch (local.modeJs) {","","","","    // run browser js-env code - post-init","    case 'browser':","        // run tests","        local.nop(local.modeTest &&","            document.querySelector('#testRunButton1') &&","            document.querySelector('#testRunButton1').click());","        break;","","","","    // run node js-env code - post-init","    /* istanbul ignore next */","    case 'node':","        local.testCase_buildApidoc_default = local.testCase_buildApidoc_default || function (","            options,","            onError","        ) {","        /*","         * this function will test buildApidoc's default handling-behavior-behavior","         */","            options = { modulePathList: module.paths };","            local.buildApidoc(options, onError);","        };","","        local.testCase_buildApp_default = local.testCase_buildApp_default || function (","            options,","            onError","        ) {","        /*","         * this function will test buildApp's default handling-behavior-behavior","         */","            local.testCase_buildReadme_default(options, local.onErrorThrow);","            local.testCase_buildLib_default(options, local.onErrorThrow);","            local.testCase_buildTest_default(options, local.onErrorThrow);","            local.testCase_buildCustomOrg_default(options, local.onErrorThrow);","            options = [];","            local.buildApp(options, onError);","        };","","        local.testCase_buildCustomOrg_default = local.testCase_buildCustomOrg_default ||","            function (options, onError) {","            /*","             * this function will test buildCustomOrg's default handling-behavior","             */","                options = {};","                local.buildCustomOrg(options, onError);","            };","","        local.testCase_buildLib_default = local.testCase_buildLib_default || function (","            options,","            onError","        ) {","        /*","         * this function will test buildLib's default handling-behavior","         */","            options = {};","            local.buildLib(options, onError);","        };","","        local.testCase_buildReadme_default = local.testCase_buildReadme_default || function (","            options,","            onError","        ) {","        /*","         * this function will test buildReadme's default handling-behavior-behavior","         */","            options = {};","            local.buildReadme(options, onError);","        };","","        local.testCase_buildTest_default = local.testCase_buildTest_default || function (","            options,","            onError","        ) {","        /*","         * this function will test buildTest's default handling-behavior","         */","            options = {};","            local.buildTest(options, onError);","        };","","        local.testCase_webpage_default = local.testCase_webpage_default || function (","            options,","            onError","        ) {","        /*","         * this function will test webpage's default handling-behavior","         */","            options = { modeCoverageMerge: true, url: local.serverLocalHost + '?modeTest=1' };","            local.browserTest(options, onError);","        };","","        // run test-server","        local.testRunServer(local);","        break;","    }","}());",""],"l":{"12":2,"14":2,"19":2,"21":2,"23":2,"24":2,"25":2,"30":1,"37":2,"40":2,"43":1,"47":1,"50":1,"52":1,"55":2,"61":2,"62":2,"64":2,"70":1,"76":1,"82":2,"83":2,"85":2,"92":1,"95":1,"102":1,"109":1,"110":1,"113":1,"120":1,"121":1,"122":1,"123":1,"124":1,"125":1,"128":1,"133":2,"134":2,"137":1,"144":2,"145":2,"148":1,"155":2,"156":2,"159":1,"166":2,"167":2,"170":1,"177":1,"178":1,"182":1,"183":1}},"/home/travis/build/npmtest/node-npmtest-director/lib.npmtest_director.js":{"path":"/home/travis/build/npmtest/node-npmtest-director/lib.npmtest_director.js","s":{"1":2,"2":2,"3":2,"4":2,"5":2,"6":2,"7":2,"8":1,"9":2,"10":2,"11":2,"12":2,"13":1,"14":1,"15":1,"16":1},"b":{"1":[2,1,1,1],"2":[1,1,1,1],"3":[1,1],"4":[2,2],"5":[1,1]},"f":{"1":2,"2":2,"3":2},"fnMap":{"1":{"name":"(anonymous_1)","line":12,"loc":{"start":{"line":12,"column":1},"end":{"line":12,"column":13}}},"2":{"name":"(anonymous_2)","line":19,"loc":{"start":{"line":19,"column":5},"end":{"line":19,"column":17}}},"3":{"name":"(anonymous_3)","line":23,"loc":{"start":{"line":23,"column":24},"end":{"line":23,"column":36}}}},"statementMap":{"1":{"start":{"line":12,"column":0},"end":{"line":53,"column":5}},"2":{"start":{"line":14,"column":4},"end":{"line":14,"column":14}},"3":{"start":{"line":19,"column":4},"end":{"line":52,"column":9}},"4":{"start":{"line":21,"column":8},"end":{"line":21,"column":19}},"5":{"start":{"line":23,"column":8},"end":{"line":35,"column":13}},"6":{"start":{"line":24,"column":12},"end":{"line":34,"column":13}},"7":{"start":{"line":25,"column":16},"end":{"line":28,"column":30}},"8":{"start":{"line":30,"column":16},"end":{"line":33,"column":27}},"9":{"start":{"line":37,"column":8},"end":{"line":39,"column":21}},"10":{"start":{"line":41,"column":8},"end":{"line":41,"column":54}},"11":{"start":{"line":43,"column":8},"end":{"line":43,"column":53}},"12":{"start":{"line":45,"column":8},"end":{"line":51,"column":9}},"13":{"start":{"line":46,"column":12},"end":{"line":46,"column":59}},"14":{"start":{"line":48,"column":12},"end":{"line":48,"column":35}},"15":{"start":{"line":49,"column":12},"end":{"line":49,"column":49}},"16":{"start":{"line":50,"column":12},"end":{"line":50,"column":43}}},"branchMap":{"1":{"line":25,"type":"binary-expr","locations":[{"start":{"line":25,"column":23},"end":{"line":25,"column":62}},{"start":{"line":26,"column":20},"end":{"line":26,"column":70}},{"start":{"line":27,"column":20},"end":{"line":27,"column":71}},{"start":{"line":28,"column":20},"end":{"line":28,"column":29}}]},"2":{"line":30,"type":"binary-expr","locations":[{"start":{"line":30,"column":23},"end":{"line":30,"column":37}},{"start":{"line":31,"column":20},"end":{"line":31,"column":61}},{"start":{"line":32,"column":20},"end":{"line":32,"column":70}},{"start":{"line":33,"column":20},"end":{"line":33,"column":26}}]},"3":{"line":37,"type":"cond-expr","locations":[{"start":{"line":38,"column":14},"end":{"line":38,"column":20}},{"start":{"line":39,"column":14},"end":{"line":39,"column":20}}]},"4":{"line":41,"type":"binary-expr","locations":[{"start":{"line":41,"column":16},"end":{"line":41,"column":44}},{"start":{"line":41,"column":48},"end":{"line":41,"column":53}}]},"5":{"line":45,"type":"if","locations":[{"start":{"line":45,"column":8},"end":{"line":45,"column":8}},{"start":{"line":45,"column":8},"end":{"line":45,"column":8}}]}},"code":["/* istanbul instrument in package npmtest_director */","/*jslint","    bitwise: true,","    browser: true,","    maxerr: 8,","    maxlen: 96,","    node: true,","    nomen: true,","    regexp: true,","    stupid: true","*/","(function () {","    'use strict';","    var local;","","","","    // run shared js-env code - pre-init","    (function () {","        // init local","        local = {};","        // init modeJs","        local.modeJs = (function () {","            try {","                return typeof navigator.userAgent === 'string' &&","                    typeof document.querySelector('body') === 'object' &&","                    typeof XMLHttpRequest.prototype.open === 'function' &&","                    'browser';","            } catch (errorCaughtBrowser) {","                return module.exports &&","                    typeof process.versions.node === 'string' &&","                    typeof require('http').createServer === 'function' &&","                    'node';","            }","        }());","        // init global","        local.global = local.modeJs === 'browser'","            ? window","            : global;","        // init utility2_rollup","        local = local.global.utility2_rollup || local;","        // init lib","        local.local = local.npmtest_director = local;","        // init exports","        if (local.modeJs === 'browser') {","            local.global.utility2_npmtest_director = local;","        } else {","            module.exports = local;","            module.exports.__dirname = __dirname;","            module.exports.module = module;","        }","    }());","}());",""],"l":{"12":2,"14":2,"19":2,"21":2,"23":2,"24":2,"25":2,"30":1,"37":2,"41":2,"43":2,"45":2,"46":1,"48":1,"49":1,"50":1}},"/home/travis/build/npmtest/node-npmtest-director/example.js":{"path":"/home/travis/build/npmtest/node-npmtest-director/example.js","s":{"1":2,"2":2,"3":2,"4":2,"5":2,"6":2,"7":2,"8":1,"9":2,"10":2,"11":2,"12":2,"13":1,"14":2,"15":2,"16":2,"17":2,"18":2,"19":0,"20":2,"21":1,"22":1,"23":1,"24":1,"25":1,"26":0,"27":0,"28":1,"29":1,"30":2,"31":0,"32":0,"33":0,"34":1,"35":2,"36":2,"37":2,"38":2,"39":2,"40":2,"41":0,"42":2,"43":2,"44":2,"45":1,"46":3,"47":1,"48":1,"49":1,"50":1,"51":1,"52":1,"53":1,"54":1,"55":1,"56":1,"57":0,"58":1,"59":6,"60":6,"61":1,"62":2,"63":0,"64":2,"65":1,"66":1,"67":0,"68":0,"69":0,"70":0,"71":0,"72":0,"73":0,"74":0,"75":0,"76":0,"77":0,"78":0,"79":0,"80":0,"81":0,"82":0,"83":0},"b":{"1":[2,1,1,1],"2":[1,1,1,1],"3":[1,1],"4":[2,2],"5":[1,1],"6":[1,1],"7":[2,0],"8":[2,1,1,1,1,1],"9":[0,2,0],"10":[1,1],"11":[2,1,1],"12":[1,0],"13":[0,2],"14":[2,0,0,0,0,0,0],"15":[0,2],"16":[2,0],"17":[1,1],"18":[0,1],"19":[1,2,0,2],"20":[1,0],"21":[1,1],"22":[0,0],"23":[0,0],"24":[0,0],"25":[0,0],"26":[0,0],"27":[0,0],"28":[0,0]},"f":{"1":2,"2":2,"3":2,"4":2,"5":2,"6":2,"7":2,"8":2,"9":3,"10":1,"11":6,"12":0},"fnMap":{"1":{"name":"(anonymous_1)","line":26,"loc":{"start":{"line":26,"column":1},"end":{"line":26,"column":13}}},"2":{"name":"(anonymous_2)","line":33,"loc":{"start":{"line":33,"column":5},"end":{"line":33,"column":17}}},"3":{"name":"(anonymous_3)","line":37,"loc":{"start":{"line":37,"column":24},"end":{"line":37,"column":36}}},"4":{"name":"(anonymous_4)","line":69,"loc":{"start":{"line":69,"column":31},"end":{"line":69,"column":48}},"skip":true},"5":{"name":"(anonymous_5)","line":78,"loc":{"start":{"line":78,"column":26},"end":{"line":78,"column":45}},"skip":true},"6":{"name":"(anonymous_6)","line":123,"loc":{"start":{"line":123,"column":33},"end":{"line":123,"column":48}},"skip":true},"7":{"name":"(anonymous_7)","line":125,"loc":{"start":{"line":125,"column":27},"end":{"line":125,"column":39}},"skip":true},"8":{"name":"(anonymous_8)","line":133,"loc":{"start":{"line":133,"column":59},"end":{"line":133,"column":74}},"skip":true},"9":{"name":"(anonymous_9)","line":143,"loc":{"start":{"line":143,"column":45},"end":{"line":143,"column":62}},"skip":true},"10":{"name":"(anonymous_10)","line":144,"loc":{"start":{"line":144,"column":73},"end":{"line":144,"column":92}},"skip":true},"11":{"name":"(anonymous_11)","line":272,"loc":{"start":{"line":272,"column":51},"end":{"line":272,"column":77}},"skip":true},"12":{"name":"(anonymous_12)","line":314,"loc":{"start":{"line":314,"column":32},"end":{"line":314,"column":61}},"skip":true}},"statementMap":{"1":{"start":{"line":26,"column":0},"end":{"line":325,"column":5}},"2":{"start":{"line":28,"column":4},"end":{"line":28,"column":14}},"3":{"start":{"line":33,"column":4},"end":{"line":60,"column":9}},"4":{"start":{"line":35,"column":8},"end":{"line":35,"column":19}},"5":{"start":{"line":37,"column":8},"end":{"line":49,"column":13}},"6":{"start":{"line":38,"column":12},"end":{"line":48,"column":13}},"7":{"start":{"line":39,"column":16},"end":{"line":42,"column":30}},"8":{"start":{"line":44,"column":16},"end":{"line":47,"column":27}},"9":{"start":{"line":51,"column":8},"end":{"line":53,"column":21}},"10":{"start":{"line":55,"column":8},"end":{"line":57,"column":45}},"11":{"start":{"line":59,"column":8},"end":{"line":59,"column":35}},"12":{"start":{"line":61,"column":4},"end":{"line":324,"column":5}},"13":{"start":{"line":69,"column":8},"end":{"line":121,"column":10},"skip":true},"14":{"start":{"line":70,"column":12},"end":{"line":88,"column":13},"skip":true},"15":{"start":{"line":76,"column":16},"end":{"line":87,"column":19},"skip":true},"16":{"start":{"line":79,"column":20},"end":{"line":86,"column":21},"skip":true},"17":{"start":{"line":82,"column":24},"end":{"line":82,"column":43},"skip":true},"18":{"start":{"line":83,"column":24},"end":{"line":83,"column":30},"skip":true},"19":{"start":{"line":85,"column":24},"end":{"line":85,"column":49},"skip":true},"20":{"start":{"line":89,"column":12},"end":{"line":107,"column":13},"skip":true},"21":{"start":{"line":92,"column":16},"end":{"line":102,"column":17},"skip":true},"22":{"start":{"line":93,"column":20},"end":{"line":93,"column":86},"skip":true},"23":{"start":{"line":94,"column":20},"end":{"line":95,"column":45},"skip":true},"24":{"start":{"line":96,"column":20},"end":{"line":96,"column":42},"skip":true},"25":{"start":{"line":97,"column":20},"end":{"line":97,"column":48},"skip":true},"26":{"start":{"line":100,"column":20},"end":{"line":100,"column":85},"skip":true},"27":{"start":{"line":101,"column":20},"end":{"line":101,"column":96},"skip":true},"28":{"start":{"line":103,"column":16},"end":{"line":103,"column":22},"skip":true},"29":{"start":{"line":106,"column":16},"end":{"line":106,"column":22},"skip":true},"30":{"start":{"line":108,"column":12},"end":{"line":120,"column":13},"skip":true},"31":{"start":{"line":114,"column":16},"end":{"line":119,"column":17},"skip":true},"32":{"start":{"line":116,"column":20},"end":{"line":116,"column":78},"skip":true},"33":{"start":{"line":118,"column":20},"end":{"line":118,"column":53},"skip":true},"34":{"start":{"line":123,"column":8},"end":{"line":141,"column":11},"skip":true},"35":{"start":{"line":124,"column":12},"end":{"line":124,"column":54},"skip":true},"36":{"start":{"line":125,"column":12},"end":{"line":140,"column":14},"skip":true},"37":{"start":{"line":126,"column":16},"end":{"line":126,"column":28},"skip":true},"38":{"start":{"line":127,"column":16},"end":{"line":127,"column":69},"skip":true},"39":{"start":{"line":128,"column":16},"end":{"line":128,"column":75},"skip":true},"40":{"start":{"line":129,"column":16},"end":{"line":131,"column":17},"skip":true},"41":{"start":{"line":130,"column":20},"end":{"line":130,"column":27},"skip":true},"42":{"start":{"line":133,"column":16},"end":{"line":137,"column":36},"skip":true},"43":{"start":{"line":134,"column":20},"end":{"line":136,"column":55},"skip":true},"44":{"start":{"line":139,"column":16},"end":{"line":139,"column":57},"skip":true},"45":{"start":{"line":143,"column":8},"end":{"line":147,"column":11},"skip":true},"46":{"start":{"line":144,"column":12},"end":{"line":146,"column":15},"skip":true},"47":{"start":{"line":145,"column":16},"end":{"line":145,"column":70},"skip":true},"48":{"start":{"line":149,"column":8},"end":{"line":149,"column":31},"skip":true},"49":{"start":{"line":150,"column":8},"end":{"line":150,"column":14},"skip":true},"50":{"start":{"line":158,"column":8},"end":{"line":158,"column":31},"skip":true},"51":{"start":{"line":160,"column":8},"end":{"line":160,"column":33},"skip":true},"52":{"start":{"line":161,"column":8},"end":{"line":161,"column":37},"skip":true},"53":{"start":{"line":162,"column":8},"end":{"line":162,"column":35},"skip":true},"54":{"start":{"line":164,"column":8},"end":{"line":164,"column":50},"skip":true},"55":{"start":{"line":166,"column":8},"end":{"line":256,"column":2},"skip":true},"56":{"start":{"line":258,"column":8},"end":{"line":286,"column":9},"skip":true},"57":{"start":{"line":259,"column":12},"end":{"line":269,"column":14},"skip":true},"58":{"start":{"line":271,"column":12},"end":{"line":285,"column":19},"skip":true},"59":{"start":{"line":274,"column":20},"end":{"line":274,"column":35},"skip":true},"60":{"start":{"line":275,"column":20},"end":{"line":284,"column":21},"skip":true},"61":{"start":{"line":277,"column":24},"end":{"line":277,"column":64},"skip":true},"62":{"start":{"line":279,"column":24},"end":{"line":279,"column":40},"skip":true},"63":{"start":{"line":281,"column":24},"end":{"line":281,"column":40},"skip":true},"64":{"start":{"line":283,"column":24},"end":{"line":283,"column":39},"skip":true},"65":{"start":{"line":288,"column":8},"end":{"line":290,"column":9},"skip":true},"66":{"start":{"line":289,"column":12},"end":{"line":289,"column":18},"skip":true},"67":{"start":{"line":291,"column":8},"end":{"line":293,"column":54},"skip":true},"68":{"start":{"line":294,"column":8},"end":{"line":301,"column":37},"skip":true},"69":{"start":{"line":302,"column":8},"end":{"line":302,"column":82},"skip":true},"70":{"start":{"line":305,"column":8},"end":{"line":307,"column":9},"skip":true},"71":{"start":{"line":306,"column":12},"end":{"line":306,"column":82},"skip":true},"72":{"start":{"line":309,"column":8},"end":{"line":311,"column":9},"skip":true},"73":{"start":{"line":310,"column":12},"end":{"line":310,"column":18},"skip":true},"74":{"start":{"line":312,"column":8},"end":{"line":312,"column":54},"skip":true},"75":{"start":{"line":313,"column":8},"end":{"line":313,"column":69},"skip":true},"76":{"start":{"line":314,"column":8},"end":{"line":322,"column":36},"skip":true},"77":{"start":{"line":315,"column":12},"end":{"line":315,"column":61},"skip":true},"78":{"start":{"line":316,"column":12},"end":{"line":319,"column":13},"skip":true},"79":{"start":{"line":317,"column":16},"end":{"line":317,"column":75},"skip":true},"80":{"start":{"line":318,"column":16},"end":{"line":318,"column":23},"skip":true},"81":{"start":{"line":320,"column":12},"end":{"line":320,"column":38},"skip":true},"82":{"start":{"line":321,"column":12},"end":{"line":321,"column":27},"skip":true},"83":{"start":{"line":323,"column":8},"end":{"line":323,"column":14},"skip":true}},"branchMap":{"1":{"line":39,"type":"binary-expr","locations":[{"start":{"line":39,"column":23},"end":{"line":39,"column":62}},{"start":{"line":40,"column":20},"end":{"line":40,"column":70}},{"start":{"line":41,"column":20},"end":{"line":41,"column":71}},{"start":{"line":42,"column":20},"end":{"line":42,"column":29}}]},"2":{"line":44,"type":"binary-expr","locations":[{"start":{"line":44,"column":23},"end":{"line":44,"column":37}},{"start":{"line":45,"column":20},"end":{"line":45,"column":61}},{"start":{"line":46,"column":20},"end":{"line":46,"column":70}},{"start":{"line":47,"column":20},"end":{"line":47,"column":26}}]},"3":{"line":51,"type":"cond-expr","locations":[{"start":{"line":52,"column":14},"end":{"line":52,"column":20}},{"start":{"line":53,"column":14},"end":{"line":53,"column":20}}]},"4":{"line":55,"type":"binary-expr","locations":[{"start":{"line":55,"column":16},"end":{"line":55,"column":44}},{"start":{"line":55,"column":49},"end":{"line":57,"column":43}}]},"5":{"line":55,"type":"cond-expr","locations":[{"start":{"line":56,"column":14},"end":{"line":56,"column":52}},{"start":{"line":57,"column":14},"end":{"line":57,"column":43}}]},"6":{"line":61,"type":"switch","locations":[{"start":{"line":68,"column":4},"end":{"line":150,"column":14},"skip":true},{"start":{"line":156,"column":4},"end":{"line":323,"column":14},"skip":true}]},"7":{"line":70,"type":"if","locations":[{"start":{"line":70,"column":12},"end":{"line":70,"column":12},"skip":true},{"start":{"line":70,"column":12},"end":{"line":70,"column":12},"skip":true}]},"8":{"line":70,"type":"binary-expr","locations":[{"start":{"line":70,"column":16},"end":{"line":70,"column":22},"skip":true},{"start":{"line":70,"column":27},"end":{"line":70,"column":32},"skip":true},{"start":{"line":71,"column":20},"end":{"line":71,"column":39},"skip":true},{"start":{"line":72,"column":20},"end":{"line":72,"column":49},"skip":true},{"start":{"line":73,"column":20},"end":{"line":73,"column":58},"skip":true},{"start":{"line":74,"column":20},"end":{"line":74,"column":69},"skip":true}]},"9":{"line":79,"type":"switch","locations":[{"start":{"line":80,"column":20},"end":{"line":80,"column":33},"skip":true},{"start":{"line":81,"column":20},"end":{"line":83,"column":30},"skip":true},{"start":{"line":84,"column":20},"end":{"line":85,"column":49},"skip":true}]},"10":{"line":89,"type":"switch","locations":[{"start":{"line":90,"column":12},"end":{"line":103,"column":22},"skip":true},{"start":{"line":105,"column":12},"end":{"line":106,"column":22},"skip":true}]},"11":{"line":89,"type":"binary-expr","locations":[{"start":{"line":89,"column":20},"end":{"line":89,"column":25},"skip":true},{"start":{"line":89,"column":29},"end":{"line":89,"column":48},"skip":true},{"start":{"line":89,"column":52},"end":{"line":89,"column":74},"skip":true}]},"12":{"line":92,"type":"if","locations":[{"start":{"line":92,"column":16},"end":{"line":92,"column":16},"skip":true},{"start":{"line":92,"column":16},"end":{"line":92,"column":16},"skip":true}]},"13":{"line":108,"type":"if","locations":[{"start":{"line":108,"column":12},"end":{"line":108,"column":12},"skip":true},{"start":{"line":108,"column":12},"end":{"line":108,"column":12},"skip":true}]},"14":{"line":108,"type":"binary-expr","locations":[{"start":{"line":108,"column":16},"end":{"line":108,"column":61},"skip":true},{"start":{"line":108,"column":66},"end":{"line":108,"column":72},"skip":true},{"start":{"line":108,"column":77},"end":{"line":108,"column":82},"skip":true},{"start":{"line":109,"column":20},"end":{"line":109,"column":39},"skip":true},{"start":{"line":110,"column":20},"end":{"line":110,"column":49},"skip":true},{"start":{"line":111,"column":20},"end":{"line":111,"column":58},"skip":true},{"start":{"line":112,"column":20},"end":{"line":112,"column":68},"skip":true}]},"15":{"line":129,"type":"if","locations":[{"start":{"line":129,"column":16},"end":{"line":129,"column":16},"skip":true},{"start":{"line":129,"column":16},"end":{"line":129,"column":16},"skip":true}]},"16":{"line":134,"type":"cond-expr","locations":[{"start":{"line":135,"column":26},"end":{"line":135,"column":29},"skip":true},{"start":{"line":136,"column":26},"end":{"line":136,"column":54},"skip":true}]},"17":{"line":164,"type":"binary-expr","locations":[{"start":{"line":164,"column":27},"end":{"line":164,"column":43},"skip":true},{"start":{"line":164,"column":47},"end":{"line":164,"column":49},"skip":true}]},"18":{"line":258,"type":"if","locations":[{"start":{"line":258,"column":8},"end":{"line":258,"column":8},"skip":true},{"start":{"line":258,"column":8},"end":{"line":258,"column":8},"skip":true}]},"19":{"line":275,"type":"switch","locations":[{"start":{"line":276,"column":20},"end":{"line":277,"column":64},"skip":true},{"start":{"line":278,"column":20},"end":{"line":279,"column":40},"skip":true},{"start":{"line":280,"column":20},"end":{"line":281,"column":40},"skip":true},{"start":{"line":282,"column":20},"end":{"line":283,"column":39},"skip":true}]},"20":{"line":288,"type":"if","locations":[{"start":{"line":288,"column":8},"end":{"line":288,"column":8},"skip":true},{"start":{"line":288,"column":8},"end":{"line":288,"column":8},"skip":true}]},"21":{"line":288,"type":"binary-expr","locations":[{"start":{"line":288,"column":12},"end":{"line":288,"column":40},"skip":true},{"start":{"line":288,"column":44},"end":{"line":288,"column":67},"skip":true}]},"22":{"line":292,"type":"binary-expr","locations":[{"start":{"line":292,"column":12},"end":{"line":292,"column":50},"skip":true},{"start":{"line":293,"column":12},"end":{"line":293,"column":53},"skip":true}]},"23":{"line":295,"type":"binary-expr","locations":[{"start":{"line":295,"column":12},"end":{"line":295,"column":66},"skip":true},{"start":{"line":296,"column":12},"end":{"line":301,"column":36},"skip":true}]},"24":{"line":302,"type":"binary-expr","locations":[{"start":{"line":302,"column":43},"end":{"line":302,"column":75},"skip":true},{"start":{"line":302,"column":79},"end":{"line":302,"column":81},"skip":true}]},"25":{"line":305,"type":"if","locations":[{"start":{"line":305,"column":8},"end":{"line":305,"column":8},"skip":true},{"start":{"line":305,"column":8},"end":{"line":305,"column":8},"skip":true}]},"26":{"line":309,"type":"if","locations":[{"start":{"line":309,"column":8},"end":{"line":309,"column":8},"skip":true},{"start":{"line":309,"column":8},"end":{"line":309,"column":8},"skip":true}]},"27":{"line":312,"type":"binary-expr","locations":[{"start":{"line":312,"column":27},"end":{"line":312,"column":43},"skip":true},{"start":{"line":312,"column":47},"end":{"line":312,"column":53},"skip":true}]},"28":{"line":316,"type":"if","locations":[{"start":{"line":316,"column":12},"end":{"line":316,"column":12},"skip":true},{"start":{"line":316,"column":12},"end":{"line":316,"column":12},"skip":true}]}},"code":["/*","example.js","","quickstart example","","instruction","    1. save this script as example.js","    2. run the shell command:","        $ npm install npmtest-director && PORT=8081 node example.js","    3. play with the browser-demo on http://127.0.0.1:8081","*/","","","","/* istanbul instrument in package npmtest_director */","/*jslint","    bitwise: true,","    browser: true,","    maxerr: 8,","    maxlen: 96,","    node: true,","    nomen: true,","    regexp: true,","    stupid: true","*/","(function () {","    'use strict';","    var local;","","","","    // run shared js-env code - pre-init","    (function () {","        // init local","        local = {};","        // init modeJs","        local.modeJs = (function () {","            try {","                return typeof navigator.userAgent === 'string' &&","                    typeof document.querySelector('body') === 'object' &&","                    typeof XMLHttpRequest.prototype.open === 'function' &&","                    'browser';","            } catch (errorCaughtBrowser) {","                return module.exports &&","                    typeof process.versions.node === 'string' &&","                    typeof require('http').createServer === 'function' &&","                    'node';","            }","        }());","        // init global","        local.global = local.modeJs === 'browser'","            ? window","            : global;","        // init utility2_rollup","        local = local.global.utility2_rollup || (local.modeJs === 'browser'","            ? local.global.utility2_npmtest_director","            : global.utility2_moduleExports);","        // export local","        local.global.local = local;","    }());","    switch (local.modeJs) {","","","","    // post-init","    // run browser js-env code - post-init","    /* istanbul ignore next */","    case 'browser':","        local.testRunBrowser = function (event) {","            if (!event || (event &&","                    event.currentTarget &&","                    event.currentTarget.className &&","                    event.currentTarget.className.includes &&","                    event.currentTarget.className.includes('onreset'))) {","                // reset output","                Array.from(","                    document.querySelectorAll('body > .resettable')","                ).forEach(function (element) {","                    switch (element.tagName) {","                    case 'INPUT':","                    case 'TEXTAREA':","                        element.value = '';","                        break;","                    default:","                        element.textContent = '';","                    }","                });","            }","            switch (event && event.currentTarget && event.currentTarget.id) {","            case 'testRunButton1':","                // show tests","                if (document.querySelector('#testReportDiv1').style.display === 'none') {","                    document.querySelector('#testReportDiv1').style.display = 'block';","                    document.querySelector('#testRunButton1').textContent =","                        'hide internal test';","                    local.modeTest = true;","                    local.testRunDefault(local);","                // hide tests","                } else {","                    document.querySelector('#testReportDiv1').style.display = 'none';","                    document.querySelector('#testRunButton1').textContent = 'run internal test';","                }","                break;","            // custom-case","            default:","                break;","            }","            if (document.querySelector('#inputTextareaEval1') && (!event || (event &&","                    event.currentTarget &&","                    event.currentTarget.className &&","                    event.currentTarget.className.includes &&","                    event.currentTarget.className.includes('oneval')))) {","                // try to eval input-code","                try {","                    /*jslint evil: true*/","                    eval(document.querySelector('#inputTextareaEval1').value);","                } catch (errorCaught) {","                    console.error(errorCaught.stack);","                }","            }","        };","        // log stderr and stdout to #outputTextareaStdout1","        ['error', 'log'].forEach(function (key) {","            console[key + '_original'] = console[key];","            console[key] = function () {","                var element;","                console[key + '_original'].apply(console, arguments);","                element = document.querySelector('#outputTextareaStdout1');","                if (!element) {","                    return;","                }","                // append text to #outputTextareaStdout1","                element.value += Array.from(arguments).map(function (arg) {","                    return typeof arg === 'string'","                        ? arg","                        : JSON.stringify(arg, null, 4);","                }).join(' ') + '\\n';","                // scroll textarea to bottom","                element.scrollTop = element.scrollHeight;","            };","        });","        // init event-handling","        ['change', 'click', 'keyup'].forEach(function (event) {","            Array.from(document.querySelectorAll('.on' + event)).forEach(function (element) {","                element.addEventListener(event, local.testRunBrowser);","            });","        });","        // run tests","        local.testRunBrowser();","        break;","","","","    // run node js-env code - post-init","    /* istanbul ignore next */","    case 'node':","        // export local","        module.exports = local;","        // require modules","        local.fs = require('fs');","        local.http = require('http');","        local.url = require('url');","        // init assets","        local.assetsDict = local.assetsDict || {};","        /* jslint-ignore-begin */","        local.assetsDict['/assets.index.template.html'] = '\\","<!doctype html>\\n\\","<html lang=\"en\">\\n\\","<head>\\n\\","<meta charset=\"UTF-8\">\\n\\","<meta name=\"viewport\" content=\"width=device-width, initial-scale=1\">\\n\\","<title>{{env.npm_package_name}} (v{{env.npm_package_version}})</title>\\n\\","<style>\\n\\","/*csslint\\n\\","    box-sizing: false,\\n\\","    universal-selector: false\\n\\","*/\\n\\","* {\\n\\","    box-sizing: border-box;\\n\\","}\\n\\","body {\\n\\","    background: #dde;\\n\\","    font-family: Arial, Helvetica, sans-serif;\\n\\","    margin: 2rem;\\n\\","}\\n\\","body > * {\\n\\","    margin-bottom: 1rem;\\n\\","}\\n\\",".utility2FooterDiv {\\n\\","    margin-top: 20px;\\n\\","    text-align: center;\\n\\","}\\n\\","</style>\\n\\","<style>\\n\\","/*csslint\\n\\","*/\\n\\","textarea {\\n\\","    font-family: monospace;\\n\\","    height: 10rem;\\n\\","    width: 100%;\\n\\","}\\n\\","textarea[readonly] {\\n\\","    background: #ddd;\\n\\","}\\n\\","</style>\\n\\","</head>\\n\\","<body>\\n\\","<!-- utility2-comment\\n\\","<div id=\"ajaxProgressDiv1\" style=\"background: #d00; height: 2px; left: 0; margin: 0; padding: 0; position: fixed; top: 0; transition: background 0.5s, width 1.5s; width: 25%;\"></div>\\n\\","utility2-comment -->\\n\\","<h1>\\n\\","<!-- utility2-comment\\n\\","    <a\\n\\","        {{#if env.npm_package_homepage}}\\n\\","        href=\"{{env.npm_package_homepage}}\"\\n\\","        {{/if env.npm_package_homepage}}\\n\\","        target=\"_blank\"\\n\\","    >\\n\\","utility2-comment -->\\n\\","        {{env.npm_package_name}} (v{{env.npm_package_version}})\\n\\","<!-- utility2-comment\\n\\","    </a>\\n\\","utility2-comment -->\\n\\","</h1>\\n\\","<h3>{{env.npm_package_description}}</h3>\\n\\","<!-- utility2-comment\\n\\","<h4><a download href=\"assets.app.js\">download standalone app</a></h4>\\n\\","<button class=\"onclick onreset\" id=\"testRunButton1\">run internal test</button><br>\\n\\","<div id=\"testReportDiv1\" style=\"display: none;\"></div>\\n\\","utility2-comment -->\\n\\","\\n\\","\\n\\","\\n\\","<label>stderr and stdout</label>\\n\\","<textarea class=\"resettable\" id=\"outputTextareaStdout1\" readonly></textarea>\\n\\","<!-- utility2-comment\\n\\","{{#if isRollup}}\\n\\","<script src=\"assets.app.js\"></script>\\n\\","{{#unless isRollup}}\\n\\","utility2-comment -->\\n\\","<script src=\"assets.utility2.rollup.js\"></script>\\n\\","<script src=\"jsonp.utility2._stateInit?callback=window.utility2._stateInit\"></script>\\n\\","<script src=\"assets.npmtest_director.rollup.js\"></script>\\n\\","<script src=\"assets.example.js\"></script>\\n\\","<script src=\"assets.test.js\"></script>\\n\\","<!-- utility2-comment\\n\\","{{/if isRollup}}\\n\\","utility2-comment -->\\n\\","<div class=\"utility2FooterDiv\">\\n\\","    [ this app was created with\\n\\","    <a href=\"https://github.com/kaizhu256/node-utility2\" target=\"_blank\">utility2</a>\\n\\","    ]\\n\\","</div>\\n\\","</body>\\n\\","</html>\\n\\","';","        /* jslint-ignore-end */","        if (local.templateRender) {","            local.assetsDict['/'] = local.templateRender(","                local.assetsDict['/assets.index.template.html'],","                {","                    env: local.objectSetDefault(local.env, {","                        npm_package_description: 'the greatest app in the world!',","                        npm_package_name: 'my-app',","                        npm_package_nameAlias: 'my_app',","                        npm_package_version: '0.0.1'","                    })","                }","            );","        } else {","            local.assetsDict['/'] = local.assetsDict['/assets.index.template.html']","                .replace((/\\{\\{env\\.(\\w+?)\\}\\}/g), function (match0, match1) {","                    // jslint-hack","                    String(match0);","                    switch (match1) {","                    case 'npm_package_description':","                        return 'the greatest app in the world!';","                    case 'npm_package_name':","                        return 'my-app';","                    case 'npm_package_nameAlias':","                        return 'my_app';","                    case 'npm_package_version':","                        return '0.0.1';","                    }","                });","        }","        // run the cli","        if (local.global.utility2_rollup || module !== require.main) {","            break;","        }","        local.assetsDict['/assets.example.js'] =","            local.assetsDict['/assets.example.js'] ||","            local.fs.readFileSync(__filename, 'utf8');","        local.assetsDict['/assets.npmtest_director.rollup.js'] =","            local.assetsDict['/assets.npmtest_director.rollup.js'] ||","            local.fs.readFileSync(","                // buildCustomOrg-hack","                local.npmtest_director.__dirname +","                    '/lib.npmtest_director.js',","                'utf8'","            ).replace((/^#!/), '//');","        local.assetsDict['/favicon.ico'] = local.assetsDict['/favicon.ico'] || '';","        // if $npm_config_timeout_exit exists,","        // then exit this process after $npm_config_timeout_exit ms","        if (Number(process.env.npm_config_timeout_exit)) {","            setTimeout(process.exit, Number(process.env.npm_config_timeout_exit));","        }","        // start server","        if (local.global.utility2_serverHttp1) {","            break;","        }","        process.env.PORT = process.env.PORT || '8081';","        console.error('server starting on port ' + process.env.PORT);","        local.http.createServer(function (request, response) {","            request.urlParsed = local.url.parse(request.url);","            if (local.assetsDict[request.urlParsed.pathname] !== undefined) {","                response.end(local.assetsDict[request.urlParsed.pathname]);","                return;","            }","            response.statusCode = 404;","            response.end();","        }).listen(process.env.PORT);","        break;","    }","}());",""],"l":{"26":2,"28":2,"33":2,"35":2,"37":2,"38":2,"39":2,"44":1,"51":2,"55":2,"59":2,"61":2,"69":1,"70":2,"76":2,"79":2,"82":2,"83":2,"85":1,"89":2,"92":1,"93":1,"94":1,"96":1,"97":1,"100":1,"101":1,"103":1,"106":1,"108":2,"114":1,"116":1,"118":1,"123":1,"124":2,"125":2,"126":2,"127":2,"128":2,"129":2,"130":1,"133":2,"134":2,"139":2,"143":1,"144":3,"145":1,"149":1,"150":1,"158":1,"160":1,"161":1,"162":1,"164":1,"166":1,"258":1,"259":1,"271":1,"274":6,"275":6,"277":1,"279":2,"281":1,"283":2,"288":1,"289":1,"291":1,"294":1,"302":1,"305":1,"306":1,"309":1,"310":1,"312":1,"313":1,"314":1,"315":1,"316":1,"317":1,"318":1,"320":1,"321":1,"323":1}},"/home/travis/build/npmtest/node-npmtest-director/director/lib/director.js":{"path":"/home/travis/build/npmtest/node-npmtest-director/director/lib/director.js","s":{"1":1,"2":1,"3":1},"b":{},"f":{},"fnMap":{},"statementMap":{"1":{"start":{"line":4,"column":0},"end":{"line":4,"column":53}},"2":{"start":{"line":5,"column":0},"end":{"line":5,"column":44}},"3":{"start":{"line":6,"column":0},"end":{"line":6,"column":43}}},"branchMap":{},"code":["","","","exports.Router = require('./director/router').Router;","exports.http   = require('./director/http');","exports.cli    = require('./director/cli');",""],"l":{"4":1,"5":1,"6":1}},"/home/travis/build/npmtest/node-npmtest-director/director/lib/director/router.js":{"path":"/home/travis/build/npmtest/node-npmtest-director/director/lib/director/router.js","s":{"1":1,"2":1,"3":0,"4":0,"5":0,"6":0,"7":1,"8":0,"9":0,"10":0,"11":1,"12":0,"13":0,"14":0,"15":0,"16":0,"17":0,"18":0,"19":0,"20":0,"21":0,"22":0,"23":0,"24":1,"25":0,"26":0,"27":0,"28":0,"29":0,"30":0,"31":0,"32":1,"33":0,"34":0,"35":0,"36":0,"37":0,"38":0,"39":0,"40":0,"41":0,"42":0,"43":0,"44":0,"45":0,"46":0,"47":0,"48":1,"49":0,"50":0,"51":0,"52":0,"53":0,"54":0,"55":0,"56":0,"57":0,"58":0,"59":0,"60":0,"61":0,"62":1,"63":0,"64":0,"65":0,"66":0,"67":0,"68":0,"69":0,"70":1,"71":0,"72":0,"73":0,"74":0,"75":0,"76":0,"77":0,"78":0,"79":0,"80":0,"81":0,"82":0,"83":0,"84":0,"85":1,"86":0,"87":0,"88":0,"89":0,"90":0,"91":0,"92":1,"93":0,"94":0,"95":0,"96":0,"97":0,"98":0,"99":0,"100":0,"101":0,"102":0,"103":0,"104":0,"105":0,"106":0,"107":0,"108":0,"109":1,"110":0,"111":0,"112":0,"113":0,"114":0,"115":0,"116":0,"117":0,"118":1,"119":0,"120":0,"121":0,"122":0,"123":0,"124":0,"125":0,"126":0,"127":0,"128":1,"129":0,"130":0,"131":0,"132":0,"133":0,"134":0,"135":0,"136":0,"137":0,"138":0,"139":0,"140":1,"141":0,"142":0,"143":0,"144":0,"145":0,"146":0,"147":1,"148":0,"149":0,"150":0,"151":0,"152":0,"153":0,"154":0,"155":0,"156":0,"157":0,"158":0,"159":0,"160":0,"161":0,"162":0,"163":0,"164":0,"165":0,"166":0,"167":1,"168":0,"169":1,"170":0,"171":0,"172":1,"173":0,"174":0,"175":0,"176":0,"177":1,"178":0,"179":0,"180":0,"181":0,"182":0,"183":0,"184":0,"185":0,"186":0,"187":0,"188":0,"189":0,"190":0,"191":0,"192":0,"193":0,"194":0,"195":0,"196":0,"197":0,"198":0,"199":0,"200":0,"201":0,"202":0,"203":0,"204":0,"205":0,"206":0,"207":0,"208":0,"209":0,"210":0,"211":0,"212":0,"213":0,"214":0,"215":0,"216":0,"217":0,"218":0,"219":0,"220":0,"221":0,"222":0,"223":0,"224":0,"225":0,"226":0,"227":0,"228":0,"229":1,"230":0,"231":0,"232":0,"233":0,"234":0,"235":0,"236":0,"237":0,"238":0,"239":0,"240":0,"241":0,"242":0,"243":0,"244":0,"245":0,"246":0,"247":0,"248":0,"249":0,"250":0,"251":0,"252":0,"253":0,"254":0,"255":0,"256":0,"257":0,"258":0,"259":0,"260":0,"261":0,"262":0,"263":0,"264":0,"265":0,"266":0,"267":1,"268":0,"269":1,"270":0,"271":0,"272":0,"273":0,"274":0,"275":0,"276":1,"277":0,"278":0,"279":0,"280":0,"281":0,"282":0,"283":1,"284":0,"285":0,"286":0,"287":0,"288":0,"289":0,"290":0,"291":0,"292":0,"293":0,"294":0,"295":0,"296":0,"297":0,"298":0},"b":{"1":[0,0],"2":[0,0],"3":[0,0],"4":[0,0],"5":[0,0],"6":[0,0],"7":[0,0],"8":[0,0],"9":[0,0],"10":[0,0],"11":[0,0],"12":[0,0],"13":[0,0],"14":[0,0,0,0,0],"15":[0,0],"16":[0,0,0,0],"17":[0,0],"18":[0,0],"19":[0,0],"20":[0,0],"21":[0,0],"22":[0,0],"23":[0,0],"24":[0,0],"25":[0,0],"26":[0,0],"27":[0,0,0],"28":[0,0],"29":[0,0],"30":[0,0],"31":[0,0],"32":[0,0],"33":[0,0],"34":[0,0],"35":[0,0],"36":[0,0],"37":[0,0],"38":[0,0],"39":[0,0],"40":[0,0],"41":[0,0],"42":[0,0],"43":[0,0],"44":[0,0],"45":[0,0],"46":[0,0],"47":[0,0],"48":[0,0,0],"49":[0,0],"50":[0,0],"51":[0,0],"52":[0,0],"53":[0,0],"54":[0,0],"55":[0,0],"56":[0,0],"57":[0,0],"58":[0,0],"59":[0,0],"60":[0,0],"61":[0,0],"62":[0,0],"63":[0,0],"64":[0,0],"65":[0,0],"66":[0,0],"67":[0,0],"68":[0,0],"69":[0,0],"70":[0,0],"71":[0,0],"72":[0,0],"73":[0,0,0,0,0],"74":[0,0],"75":[0,0],"76":[0,0],"77":[0,0,0],"78":[0,0],"79":[0,0],"80":[0,0],"81":[0,0],"82":[0,0],"83":[0,0],"84":[0,0],"85":[0,0],"86":[0,0],"87":[0,0],"88":[0,0],"89":[0,0],"90":[0,0],"91":[0,0,0],"92":[0,0,0],"93":[0,0],"94":[0,0,0],"95":[0,0,0],"96":[0,0],"97":[0,0],"98":[0,0],"99":[0,0,0],"100":[0,0],"101":[0,0],"102":[0,0],"103":[0,0],"104":[0,0],"105":[0,0],"106":[0,0],"107":[0,0,0],"108":[0,0],"109":[0,0]},"f":{"1":0,"2":0,"3":0,"4":0,"5":0,"6":0,"7":0,"8":0,"9":0,"10":0,"11":0,"12":0,"13":0,"14":0,"15":0,"16":0,"17":0,"18":0,"19":0,"20":0,"21":0,"22":0,"23":0,"24":0,"25":0,"26":0,"27":0,"28":0,"29":0,"30":0,"31":0,"32":0,"33":0,"34":0,"35":0},"fnMap":{"1":{"name":"_flatten","line":14,"loc":{"start":{"line":14,"column":0},"end":{"line":14,"column":24}}},"2":{"name":"_every","line":28,"loc":{"start":{"line":28,"column":0},"end":{"line":28,"column":32}}},"3":{"name":"_asyncEverySeries","line":40,"loc":{"start":{"line":40,"column":0},"end":{"line":40,"column":53}}},"4":{"name":"iterate","line":46,"loc":{"start":{"line":46,"column":3},"end":{"line":46,"column":22}}},"5":{"name":"(anonymous_5)","line":47,"loc":{"start":{"line":47,"column":29},"end":{"line":47,"column":44}}},"6":{"name":"(anonymous_6)","line":50,"loc":{"start":{"line":50,"column":19},"end":{"line":50,"column":31}}},"7":{"name":"paramifyString","line":77,"loc":{"start":{"line":77,"column":0},"end":{"line":77,"column":42}}},"8":{"name":"regifyString","line":95,"loc":{"start":{"line":95,"column":0},"end":{"line":95,"column":35}}},"9":{"name":"terminator","line":132,"loc":{"start":{"line":132,"column":0},"end":{"line":132,"column":52}}},"10":{"name":"(anonymous_10)","line":174,"loc":{"start":{"line":174,"column":30},"end":{"line":174,"column":48}}},"11":{"name":"(anonymous_11)","line":190,"loc":{"start":{"line":190,"column":29},"end":{"line":190,"column":48}}},"12":{"name":"(anonymous_12)","line":230,"loc":{"start":{"line":230,"column":25},"end":{"line":230,"column":51}}},"13":{"name":"(anonymous_13)","line":236,"loc":{"start":{"line":236,"column":23},"end":{"line":236,"column":38}}},"14":{"name":"(anonymous_14)","line":250,"loc":{"start":{"line":250,"column":47},"end":{"line":250,"column":78}}},"15":{"name":"(anonymous_15)","line":264,"loc":{"start":{"line":264,"column":24},"end":{"line":264,"column":36}}},"16":{"name":"(anonymous_16)","line":274,"loc":{"start":{"line":274,"column":26},"end":{"line":274,"column":39}}},"17":{"name":"(anonymous_17)","line":298,"loc":{"start":{"line":298,"column":24},"end":{"line":298,"column":50}}},"18":{"name":"(anonymous_18)","line":330,"loc":{"start":{"line":330,"column":28},"end":{"line":330,"column":62}}},"19":{"name":"updateAndInvoke","line":350,"loc":{"start":{"line":350,"column":2},"end":{"line":350,"column":29}}},"20":{"name":"(anonymous_20)","line":395,"loc":{"start":{"line":395,"column":27},"end":{"line":395,"column":42}}},"21":{"name":"(anonymous_21)","line":418,"loc":{"start":{"line":418,"column":26},"end":{"line":418,"column":60}}},"22":{"name":"(anonymous_22)","line":423,"loc":{"start":{"line":423,"column":12},"end":{"line":423,"column":30}}},"23":{"name":"(anonymous_23)","line":431,"loc":{"start":{"line":431,"column":34},"end":{"line":431,"column":46}}},"24":{"name":"(anonymous_24)","line":443,"loc":{"start":{"line":443,"column":12},"end":{"line":443,"column":24}}},"25":{"name":"(anonymous_25)","line":469,"loc":{"start":{"line":469,"column":28},"end":{"line":469,"column":76}}},"26":{"name":"filterRoutes","line":477,"loc":{"start":{"line":477,"column":2},"end":{"line":477,"column":32}}},"27":{"name":"deepCopy","line":482,"loc":{"start":{"line":482,"column":4},"end":{"line":482,"column":30}}},"28":{"name":"applyFilter","line":490,"loc":{"start":{"line":490,"column":4},"end":{"line":490,"column":30}}},"29":{"name":"(anonymous_29)","line":644,"loc":{"start":{"line":644,"column":26},"end":{"line":644,"column":65}}},"30":{"name":"(anonymous_30)","line":651,"loc":{"start":{"line":651,"column":21},"end":{"line":651,"column":34}}},"31":{"name":"(anonymous_31)","line":735,"loc":{"start":{"line":735,"column":26},"end":{"line":735,"column":44}}},"32":{"name":"extend","line":740,"loc":{"start":{"line":740,"column":2},"end":{"line":740,"column":26}}},"33":{"name":"(anonymous_33)","line":742,"loc":{"start":{"line":742,"column":19},"end":{"line":742,"column":31}}},"34":{"name":"(anonymous_34)","line":769,"loc":{"start":{"line":769,"column":25},"end":{"line":769,"column":48}}},"35":{"name":"insertOrMount","line":780,"loc":{"start":{"line":780,"column":2},"end":{"line":780,"column":39}}}},"statementMap":{"1":{"start":{"line":9,"column":0},"end":{"line":9,"column":29}},"2":{"start":{"line":14,"column":0},"end":{"line":22,"column":1}},"3":{"start":{"line":15,"column":2},"end":{"line":15,"column":16}},"4":{"start":{"line":17,"column":2},"end":{"line":19,"column":3}},"5":{"start":{"line":18,"column":4},"end":{"line":18,"column":31}},"6":{"start":{"line":21,"column":2},"end":{"line":21,"column":14}},"7":{"start":{"line":28,"column":0},"end":{"line":34,"column":1}},"8":{"start":{"line":29,"column":2},"end":{"line":33,"column":3}},"9":{"start":{"line":30,"column":4},"end":{"line":32,"column":5}},"10":{"start":{"line":31,"column":6},"end":{"line":31,"column":13}},"11":{"start":{"line":40,"column":0},"end":{"line":63,"column":1}},"12":{"start":{"line":41,"column":2},"end":{"line":43,"column":3}},"13":{"start":{"line":42,"column":4},"end":{"line":42,"column":22}},"14":{"start":{"line":45,"column":2},"end":{"line":45,"column":20}},"15":{"start":{"line":46,"column":2},"end":{"line":62,"column":7}},"16":{"start":{"line":47,"column":4},"end":{"line":61,"column":7}},"17":{"start":{"line":48,"column":6},"end":{"line":60,"column":7}},"18":{"start":{"line":49,"column":8},"end":{"line":49,"column":22}},"19":{"start":{"line":50,"column":8},"end":{"line":50,"column":34}},"20":{"start":{"line":53,"column":8},"end":{"line":53,"column":23}},"21":{"start":{"line":54,"column":8},"end":{"line":59,"column":9}},"22":{"start":{"line":55,"column":10},"end":{"line":55,"column":21}},"23":{"start":{"line":58,"column":10},"end":{"line":58,"column":20}},"24":{"start":{"line":77,"column":0},"end":{"line":89,"column":1}},"25":{"start":{"line":78,"column":2},"end":{"line":78,"column":12}},"26":{"start":{"line":79,"column":2},"end":{"line":84,"column":3}},"27":{"start":{"line":80,"column":4},"end":{"line":83,"column":5}},"28":{"start":{"line":81,"column":6},"end":{"line":81,"column":31}},"29":{"start":{"line":82,"column":6},"end":{"line":82,"column":33}},"30":{"start":{"line":82,"column":25},"end":{"line":82,"column":31}},"31":{"start":{"line":86,"column":2},"end":{"line":88,"column":10}},"32":{"start":{"line":95,"column":0},"end":{"line":127,"column":1}},"33":{"start":{"line":96,"column":2},"end":{"line":98,"column":15}},"34":{"start":{"line":100,"column":2},"end":{"line":104,"column":3}},"35":{"start":{"line":101,"column":4},"end":{"line":101,"column":45}},"36":{"start":{"line":102,"column":4},"end":{"line":102,"column":76}},"37":{"start":{"line":103,"column":4},"end":{"line":103,"column":53}},"38":{"start":{"line":106,"column":2},"end":{"line":106,"column":32}},"39":{"start":{"line":108,"column":3},"end":{"line":110,"column":14}},"40":{"start":{"line":112,"column":3},"end":{"line":124,"column":4}},"41":{"start":{"line":113,"column":5},"end":{"line":113,"column":30}},"42":{"start":{"line":114,"column":5},"end":{"line":123,"column":6}},"43":{"start":{"line":115,"column":7},"end":{"line":115,"column":29}},"44":{"start":{"line":116,"column":7},"end":{"line":122,"column":3}},"45":{"start":{"line":119,"column":11},"end":{"line":119,"column":36}},"46":{"start":{"line":121,"column":11},"end":{"line":121,"column":71}},"47":{"start":{"line":126,"column":2},"end":{"line":126,"column":13}},"48":{"start":{"line":132,"column":0},"end":{"line":164,"column":1}},"49":{"start":{"line":133,"column":2},"end":{"line":138,"column":8}},"50":{"start":{"line":140,"column":2},"end":{"line":161,"column":3}},"51":{"start":{"line":141,"column":4},"end":{"line":141,"column":26}},"52":{"start":{"line":143,"column":4},"end":{"line":160,"column":5}},"53":{"start":{"line":147,"column":6},"end":{"line":147,"column":40}},"54":{"start":{"line":148,"column":6},"end":{"line":148,"column":40}},"55":{"start":{"line":150,"column":6},"end":{"line":153,"column":7}},"56":{"start":{"line":151,"column":8},"end":{"line":151,"column":64}},"57":{"start":{"line":152,"column":8},"end":{"line":152,"column":58}},"58":{"start":{"line":155,"column":6},"end":{"line":155,"column":47}},"59":{"start":{"line":156,"column":6},"end":{"line":156,"column":12}},"60":{"start":{"line":159,"column":6},"end":{"line":159,"column":15}},"61":{"start":{"line":163,"column":2},"end":{"line":163,"column":16}},"62":{"start":{"line":174,"column":0},"end":{"line":183,"column":2}},"63":{"start":{"line":175,"column":2},"end":{"line":175,"column":21}},"64":{"start":{"line":176,"column":2},"end":{"line":176,"column":21}},"65":{"start":{"line":177,"column":2},"end":{"line":177,"column":44}},"66":{"start":{"line":178,"column":2},"end":{"line":178,"column":21}},"67":{"start":{"line":179,"column":2},"end":{"line":179,"column":21}},"68":{"start":{"line":181,"column":2},"end":{"line":181,"column":19}},"69":{"start":{"line":182,"column":2},"end":{"line":182,"column":27}},"70":{"start":{"line":190,"column":0},"end":{"line":219,"column":2}},"71":{"start":{"line":191,"column":2},"end":{"line":191,"column":26}},"72":{"start":{"line":193,"column":2},"end":{"line":195,"column":3}},"73":{"start":{"line":194,"column":4},"end":{"line":194,"column":42}},"74":{"start":{"line":197,"column":2},"end":{"line":197,"column":100}},"75":{"start":{"line":198,"column":2},"end":{"line":198,"column":46}},"76":{"start":{"line":199,"column":2},"end":{"line":199,"column":45}},"77":{"start":{"line":200,"column":2},"end":{"line":200,"column":81}},"78":{"start":{"line":201,"column":2},"end":{"line":201,"column":36}},"79":{"start":{"line":202,"column":2},"end":{"line":202,"column":36}},"80":{"start":{"line":205,"column":2},"end":{"line":205,"column":76}},"81":{"start":{"line":206,"column":2},"end":{"line":206,"column":86}},"82":{"start":{"line":207,"column":2},"end":{"line":207,"column":96}},"83":{"start":{"line":212,"column":2},"end":{"line":216,"column":4}},"84":{"start":{"line":218,"column":2},"end":{"line":218,"column":14}},"85":{"start":{"line":230,"column":0},"end":{"line":240,"column":2}},"86":{"start":{"line":231,"column":2},"end":{"line":233,"column":3}},"87":{"start":{"line":232,"column":4},"end":{"line":232,"column":24}},"88":{"start":{"line":235,"column":2},"end":{"line":235,"column":40}},"89":{"start":{"line":236,"column":2},"end":{"line":238,"column":4}},"90":{"start":{"line":237,"column":4},"end":{"line":237,"column":60}},"91":{"start":{"line":239,"column":2},"end":{"line":239,"column":14}},"92":{"start":{"line":250,"column":0},"end":{"line":290,"column":2}},"93":{"start":{"line":251,"column":2},"end":{"line":251,"column":18}},"94":{"start":{"line":253,"column":2},"end":{"line":261,"column":3}},"95":{"start":{"line":258,"column":4},"end":{"line":258,"column":17}},"96":{"start":{"line":259,"column":4},"end":{"line":259,"column":18}},"97":{"start":{"line":260,"column":4},"end":{"line":260,"column":18}},"98":{"start":{"line":263,"column":2},"end":{"line":267,"column":3}},"99":{"start":{"line":264,"column":4},"end":{"line":266,"column":7}},"100":{"start":{"line":265,"column":6},"end":{"line":265,"column":32}},"101":{"start":{"line":269,"column":2},"end":{"line":271,"column":3}},"102":{"start":{"line":270,"column":4},"end":{"line":270,"column":46}},"103":{"start":{"line":273,"column":2},"end":{"line":277,"column":3}},"104":{"start":{"line":274,"column":4},"end":{"line":276,"column":7}},"105":{"start":{"line":275,"column":6},"end":{"line":275,"column":44}},"106":{"start":{"line":282,"column":2},"end":{"line":282,"column":48}},"107":{"start":{"line":287,"column":2},"end":{"line":287,"column":42}},"108":{"start":{"line":289,"column":2},"end":{"line":289,"column":54}},"109":{"start":{"line":298,"column":0},"end":{"line":319,"column":2}},"110":{"start":{"line":299,"column":2},"end":{"line":300,"column":33}},"111":{"start":{"line":302,"column":2},"end":{"line":304,"column":3}},"112":{"start":{"line":303,"column":4},"end":{"line":303,"column":46}},"113":{"start":{"line":309,"column":2},"end":{"line":309,"column":48}},"114":{"start":{"line":314,"column":2},"end":{"line":314,"column":42}},"115":{"start":{"line":315,"column":2},"end":{"line":315,"column":39}},"116":{"start":{"line":317,"column":2},"end":{"line":317,"column":28}},"117":{"start":{"line":318,"column":2},"end":{"line":318,"column":41}},"118":{"start":{"line":330,"column":0},"end":{"line":383,"column":2}},"119":{"start":{"line":331,"column":2},"end":{"line":334,"column":12}},"120":{"start":{"line":336,"column":2},"end":{"line":336,"column":23}},"121":{"start":{"line":337,"column":2},"end":{"line":344,"column":3}},"122":{"start":{"line":338,"column":4},"end":{"line":338,"column":19}},"123":{"start":{"line":339,"column":4},"end":{"line":341,"column":5}},"124":{"start":{"line":340,"column":6},"end":{"line":340,"column":77}},"125":{"start":{"line":343,"column":4},"end":{"line":343,"column":17}},"126":{"start":{"line":346,"column":2},"end":{"line":348,"column":3}},"127":{"start":{"line":347,"column":4},"end":{"line":347,"column":24}},"128":{"start":{"line":350,"column":2},"end":{"line":353,"column":3}},"129":{"start":{"line":351,"column":4},"end":{"line":351,"column":26}},"130":{"start":{"line":352,"column":4},"end":{"line":352,"column":51}},"131":{"start":{"line":365,"column":2},"end":{"line":367,"column":18}},"132":{"start":{"line":369,"column":2},"end":{"line":379,"column":3}},"133":{"start":{"line":370,"column":4},"end":{"line":376,"column":5}},"134":{"start":{"line":371,"column":6},"end":{"line":371,"column":48}},"135":{"start":{"line":374,"column":6},"end":{"line":374,"column":31}},"136":{"start":{"line":375,"column":6},"end":{"line":375,"column":24}},"137":{"start":{"line":378,"column":4},"end":{"line":378,"column":16}},"138":{"start":{"line":381,"column":2},"end":{"line":381,"column":20}},"139":{"start":{"line":382,"column":2},"end":{"line":382,"column":14}},"140":{"start":{"line":395,"column":0},"end":{"line":407,"column":2}},"141":{"start":{"line":396,"column":2},"end":{"line":398,"column":20}},"142":{"start":{"line":400,"column":2},"end":{"line":402,"column":3}},"143":{"start":{"line":401,"column":4},"end":{"line":401,"column":32}},"144":{"start":{"line":404,"column":2},"end":{"line":404,"column":34}},"145":{"start":{"line":405,"column":2},"end":{"line":405,"column":30}},"146":{"start":{"line":406,"column":2},"end":{"line":406,"column":17}},"147":{"start":{"line":418,"column":0},"end":{"line":456,"column":2}},"148":{"start":{"line":419,"column":2},"end":{"line":419,"column":18}},"149":{"start":{"line":421,"column":2},"end":{"line":421,"column":12}},"150":{"start":{"line":422,"column":2},"end":{"line":455,"column":3}},"151":{"start":{"line":423,"column":4},"end":{"line":430,"column":6}},"152":{"start":{"line":424,"column":6},"end":{"line":429,"column":7}},"153":{"start":{"line":425,"column":8},"end":{"line":425,"column":50}},"154":{"start":{"line":427,"column":11},"end":{"line":429,"column":7}},"155":{"start":{"line":428,"column":8},"end":{"line":428,"column":61}},"156":{"start":{"line":431,"column":4},"end":{"line":440,"column":7}},"157":{"start":{"line":437,"column":6},"end":{"line":439,"column":7}},"158":{"start":{"line":438,"column":8},"end":{"line":438,"column":43}},"159":{"start":{"line":443,"column":4},"end":{"line":453,"column":5}},"160":{"start":{"line":444,"column":6},"end":{"line":452,"column":7}},"161":{"start":{"line":445,"column":8},"end":{"line":445,"column":33}},"162":{"start":{"line":447,"column":11},"end":{"line":452,"column":7}},"163":{"start":{"line":448,"column":8},"end":{"line":448,"column":53}},"164":{"start":{"line":450,"column":11},"end":{"line":452,"column":7}},"165":{"start":{"line":451,"column":8},"end":{"line":451,"column":61}},"166":{"start":{"line":454,"column":4},"end":{"line":454,"column":23}},"167":{"start":{"line":469,"column":0},"end":{"line":632,"column":2}},"168":{"start":{"line":470,"column":2},"end":{"line":475,"column":11}},"169":{"start":{"line":477,"column":2},"end":{"line":514,"column":3}},"170":{"start":{"line":478,"column":4},"end":{"line":480,"column":5}},"171":{"start":{"line":479,"column":6},"end":{"line":479,"column":20}},"172":{"start":{"line":482,"column":4},"end":{"line":488,"column":5}},"173":{"start":{"line":483,"column":6},"end":{"line":483,"column":22}},"174":{"start":{"line":484,"column":6},"end":{"line":486,"column":7}},"175":{"start":{"line":485,"column":8},"end":{"line":485,"column":79}},"176":{"start":{"line":487,"column":6},"end":{"line":487,"column":20}},"177":{"start":{"line":490,"column":4},"end":{"line":504,"column":5}},"178":{"start":{"line":491,"column":6},"end":{"line":503,"column":7}},"179":{"start":{"line":492,"column":8},"end":{"line":502,"column":9}},"180":{"start":{"line":493,"column":10},"end":{"line":493,"column":30}},"181":{"start":{"line":494,"column":10},"end":{"line":496,"column":11}},"182":{"start":{"line":495,"column":12},"end":{"line":495,"column":29}},"183":{"start":{"line":499,"column":10},"end":{"line":501,"column":11}},"184":{"start":{"line":500,"column":12},"end":{"line":500,"column":29}},"185":{"start":{"line":506,"column":4},"end":{"line":506,"column":37}},"186":{"start":{"line":507,"column":4},"end":{"line":507,"column":39}},"187":{"start":{"line":508,"column":4},"end":{"line":508,"column":41}},"188":{"start":{"line":509,"column":4},"end":{"line":509,"column":50}},"189":{"start":{"line":511,"column":4},"end":{"line":511,"column":27}},"190":{"start":{"line":513,"column":4},"end":{"line":513,"column":21}},"191":{"start":{"line":521,"column":2},"end":{"line":527,"column":3}},"192":{"start":{"line":522,"column":4},"end":{"line":522,"column":61}},"193":{"start":{"line":523,"column":4},"end":{"line":523,"column":48}},"194":{"start":{"line":524,"column":4},"end":{"line":524,"column":24}},"195":{"start":{"line":525,"column":4},"end":{"line":525,"column":23}},"196":{"start":{"line":526,"column":4},"end":{"line":526,"column":30}},"197":{"start":{"line":529,"column":2},"end":{"line":629,"column":3}},"198":{"start":{"line":541,"column":4},"end":{"line":628,"column":5}},"199":{"start":{"line":548,"column":6},"end":{"line":548,"column":52}},"200":{"start":{"line":550,"column":6},"end":{"line":552,"column":7}},"201":{"start":{"line":551,"column":8},"end":{"line":551,"column":45}},"202":{"start":{"line":554,"column":6},"end":{"line":554,"column":50}},"203":{"start":{"line":556,"column":6},"end":{"line":565,"column":7}},"204":{"start":{"line":564,"column":8},"end":{"line":564,"column":17}},"205":{"start":{"line":567,"column":6},"end":{"line":584,"column":7}},"206":{"start":{"line":573,"column":8},"end":{"line":573,"column":71}},"207":{"start":{"line":574,"column":8},"end":{"line":574,"column":55}},"208":{"start":{"line":575,"column":8},"end":{"line":575,"column":28}},"209":{"start":{"line":576,"column":8},"end":{"line":576,"column":39}},"210":{"start":{"line":578,"column":8},"end":{"line":581,"column":9}},"211":{"start":{"line":579,"column":10},"end":{"line":579,"column":64}},"212":{"start":{"line":580,"column":10},"end":{"line":580,"column":73}},"213":{"start":{"line":583,"column":8},"end":{"line":583,"column":34}},"214":{"start":{"line":592,"column":6},"end":{"line":592,"column":61}},"215":{"start":{"line":598,"column":6},"end":{"line":627,"column":7}},"216":{"start":{"line":603,"column":8},"end":{"line":605,"column":9}},"217":{"start":{"line":604,"column":10},"end":{"line":604,"column":33}},"218":{"start":{"line":607,"column":8},"end":{"line":615,"column":9}},"219":{"start":{"line":608,"column":10},"end":{"line":608,"column":74}},"220":{"start":{"line":609,"column":10},"end":{"line":609,"column":76}},"221":{"start":{"line":611,"column":10},"end":{"line":614,"column":11}},"222":{"start":{"line":612,"column":12},"end":{"line":612,"column":71}},"223":{"start":{"line":613,"column":12},"end":{"line":613,"column":78}},"224":{"start":{"line":617,"column":8},"end":{"line":617,"column":27}},"225":{"start":{"line":618,"column":8},"end":{"line":618,"column":37}},"226":{"start":{"line":619,"column":8},"end":{"line":619,"column":31}},"227":{"start":{"line":626,"column":8},"end":{"line":626,"column":33}},"228":{"start":{"line":631,"column":2},"end":{"line":631,"column":15}},"229":{"start":{"line":644,"column":0},"end":{"line":726,"column":2}},"230":{"start":{"line":645,"column":2},"end":{"line":649,"column":11}},"231":{"start":{"line":651,"column":2},"end":{"line":653,"column":5}},"232":{"start":{"line":652,"column":4},"end":{"line":652,"column":29}},"233":{"start":{"line":655,"column":2},"end":{"line":655,"column":33}},"234":{"start":{"line":656,"column":2},"end":{"line":656,"column":22}},"235":{"start":{"line":657,"column":2},"end":{"line":659,"column":3}},"236":{"start":{"line":658,"column":4},"end":{"line":658,"column":43}},"237":{"start":{"line":661,"column":2},"end":{"line":669,"column":3}},"238":{"start":{"line":667,"column":4},"end":{"line":667,"column":38}},"239":{"start":{"line":668,"column":4},"end":{"line":668,"column":58}},"240":{"start":{"line":677,"column":2},"end":{"line":693,"column":3}},"241":{"start":{"line":678,"column":4},"end":{"line":678,"column":39}},"242":{"start":{"line":680,"column":4},"end":{"line":690,"column":5}},"243":{"start":{"line":682,"column":8},"end":{"line":682,"column":49}},"244":{"start":{"line":683,"column":8},"end":{"line":683,"column":15}},"245":{"start":{"line":685,"column":8},"end":{"line":685,"column":35}},"246":{"start":{"line":686,"column":8},"end":{"line":686,"column":15}},"247":{"start":{"line":688,"column":8},"end":{"line":688,"column":31}},"248":{"start":{"line":689,"column":8},"end":{"line":689,"column":15}},"249":{"start":{"line":692,"column":4},"end":{"line":692,"column":11}},"250":{"start":{"line":700,"column":2},"end":{"line":700,"column":35}},"251":{"start":{"line":701,"column":2},"end":{"line":701,"column":40}},"252":{"start":{"line":703,"column":2},"end":{"line":723,"column":3}},"253":{"start":{"line":704,"column":4},"end":{"line":704,"column":45}},"254":{"start":{"line":706,"column":4},"end":{"line":716,"column":5}},"255":{"start":{"line":708,"column":8},"end":{"line":708,"column":61}},"256":{"start":{"line":709,"column":8},"end":{"line":709,"column":15}},"257":{"start":{"line":711,"column":8},"end":{"line":711,"column":41}},"258":{"start":{"line":712,"column":8},"end":{"line":712,"column":15}},"259":{"start":{"line":714,"column":8},"end":{"line":714,"column":37}},"260":{"start":{"line":715,"column":8},"end":{"line":715,"column":15}},"261":{"start":{"line":718,"column":7},"end":{"line":723,"column":3}},"262":{"start":{"line":719,"column":4},"end":{"line":719,"column":16}},"263":{"start":{"line":720,"column":4},"end":{"line":720,"column":27}},"264":{"start":{"line":721,"column":4},"end":{"line":721,"column":26}},"265":{"start":{"line":722,"column":4},"end":{"line":722,"column":11}},"266":{"start":{"line":725,"column":2},"end":{"line":725,"column":58}},"267":{"start":{"line":735,"column":0},"end":{"line":754,"column":2}},"268":{"start":{"line":736,"column":2},"end":{"line":738,"column":8}},"269":{"start":{"line":740,"column":2},"end":{"line":749,"column":3}},"270":{"start":{"line":741,"column":4},"end":{"line":741,"column":33}},"271":{"start":{"line":742,"column":4},"end":{"line":748,"column":6}},"272":{"start":{"line":743,"column":6},"end":{"line":745,"column":19}},"273":{"start":{"line":747,"column":6},"end":{"line":747,"column":79}},"274":{"start":{"line":751,"column":2},"end":{"line":753,"column":3}},"275":{"start":{"line":752,"column":4},"end":{"line":752,"column":23}},"276":{"start":{"line":769,"column":0},"end":{"line":811,"column":2}},"277":{"start":{"line":770,"column":2},"end":{"line":772,"column":3}},"278":{"start":{"line":771,"column":4},"end":{"line":771,"column":11}},"279":{"start":{"line":774,"column":2},"end":{"line":774,"column":18}},"280":{"start":{"line":775,"column":2},"end":{"line":775,"column":20}},"281":{"start":{"line":776,"column":2},"end":{"line":778,"column":3}},"282":{"start":{"line":777,"column":4},"end":{"line":777,"column":38}},"283":{"start":{"line":780,"column":2},"end":{"line":804,"column":3}},"284":{"start":{"line":781,"column":4},"end":{"line":785,"column":40}},"285":{"start":{"line":787,"column":4},"end":{"line":790,"column":5}},"286":{"start":{"line":788,"column":6},"end":{"line":788,"column":96}},"287":{"start":{"line":789,"column":6},"end":{"line":789,"column":20}},"288":{"start":{"line":792,"column":4},"end":{"line":796,"column":5}},"289":{"start":{"line":793,"column":6},"end":{"line":793,"column":34}},"290":{"start":{"line":794,"column":6},"end":{"line":794,"column":39}},"291":{"start":{"line":795,"column":6},"end":{"line":795,"column":13}},"292":{"start":{"line":798,"column":4},"end":{"line":801,"column":5}},"293":{"start":{"line":799,"column":6},"end":{"line":799,"column":57}},"294":{"start":{"line":800,"column":6},"end":{"line":800,"column":48}},"295":{"start":{"line":803,"column":4},"end":{"line":803,"column":45}},"296":{"start":{"line":806,"column":2},"end":{"line":810,"column":3}},"297":{"start":{"line":807,"column":4},"end":{"line":809,"column":5}},"298":{"start":{"line":808,"column":6},"end":{"line":808,"column":42}}},"branchMap":{"1":{"line":30,"type":"if","locations":[{"start":{"line":30,"column":4},"end":{"line":30,"column":4}},{"start":{"line":30,"column":4},"end":{"line":30,"column":4}}]},"2":{"line":41,"type":"if","locations":[{"start":{"line":41,"column":2},"end":{"line":41,"column":2}},{"start":{"line":41,"column":2},"end":{"line":41,"column":2}}]},"3":{"line":48,"type":"if","locations":[{"start":{"line":48,"column":6},"end":{"line":48,"column":6}},{"start":{"line":48,"column":6},"end":{"line":48,"column":6}}]},"4":{"line":48,"type":"binary-expr","locations":[{"start":{"line":48,"column":10},"end":{"line":48,"column":13}},{"start":{"line":48,"column":17},"end":{"line":48,"column":30}}]},"5":{"line":54,"type":"if","locations":[{"start":{"line":54,"column":8},"end":{"line":54,"column":8}},{"start":{"line":54,"column":8},"end":{"line":54,"column":8}}]},"6":{"line":80,"type":"if","locations":[{"start":{"line":80,"column":4},"end":{"line":80,"column":4}},{"start":{"line":80,"column":4},"end":{"line":80,"column":4}}]},"7":{"line":82,"type":"if","locations":[{"start":{"line":82,"column":6},"end":{"line":82,"column":6}},{"start":{"line":82,"column":6},"end":{"line":82,"column":6}}]},"8":{"line":86,"type":"cond-expr","locations":[{"start":{"line":87,"column":6},"end":{"line":87,"column":28}},{"start":{"line":88,"column":6},"end":{"line":88,"column":9}}]},"9":{"line":112,"type":"if","locations":[{"start":{"line":112,"column":3},"end
[...]
  error = new exports.NotFound('Could not find path: ' + req.url);","    if (typeof this.notfound === 'function') {","      this.notfound.call(thisArg, callback);","    }","    else if (callback) {","      callback.call(thisArg, error, req, res);","    }","    return false;","  }","","  if (this.recurse === 'forward') {","    fns = fns.reverse();","  }","","  runlist = this.runlist(fns);","  stream  = this.stream || runlist.some(function (fn) { return fn.stream === true; });","","  function parseAndInvoke() {","    error = self.parse(req);","    if (error) {","      if (callback) {","        callback.call(thisArg, error, req, res);","      }","      return false;","    }","","    self.invoke(runlist, thisArg, callback);","  }","","  if (!stream) {","    //","    // If there is no streaming required on any of the functions on the","    // way to `path`, then attempt to parse the fully buffered request stream","    // once it has emitted the `end` event.","    //","    if (req.readable) {","      //","      // If the `http.ServerRequest` is still readable, then await","      // the end event and then continue","      //","      req.once('end', parseAndInvoke);","      // Streams2 requires us to start the stream if we're not explicitly","      // reading from it.","      req.resume();","    }","    else {","      //","      // Otherwise, just parse the body now.","      //","      parseAndInvoke();","    }","  }","  else {","    this.invoke(runlist, thisArg, callback);","  }","","  return true;","};","","//","// ### @parsers {Object}","// Lookup table of parsers to use when attempting to","// parse incoming responses.","//","Router.prototype.parsers = {","  'application/x-www-form-urlencoded': qs.parse,","  'application/json': JSON.parse","};","","//","// ### function parse (req)","// #### @req {http.ServerResponse|BufferedStream} Incoming HTTP request to parse","// Attempts to parse `req.body` using the value found at `req.headers['content-type']`.","//","Router.prototype.parse = function (req) {","  function mime(req) {","    var str = req.headers['content-type'] || '';","    return str.split(';')[0];","  }","","  var parser = this.parsers[mime(req)],","      body;","","  if (parser) {","    req.body = req.body || '';","","    if (req.chunks) {","      req.chunks.forEach(function (chunk) {","        req.body += chunk;","      });","    }","","    if ('string' === typeof req.body) {","      try {","        req.body = req.body && req.body.length","          ? parser(req.body)","          : {};","      }","      catch (err) {","        return new exports.BadRequest('Malformed data');","      }","    }","  }","};","",""],"l":{"1":1,"10":1,"11":1,"12":8,"21":1,"25":0,"26":0,"27":0,"28":0,"29":0,"30":0,"31":0,"33":0,"34":0,"35":0,"41":1,"48":1,"49":0,"52":0,"54":0,"65":1,"66":0,"71":0,"72":0,"73":0,"76":0,"77":0,"78":0,"79":0,"80":0,"85":0,"86":0,"89":0,"97":1,"98":0,"110":1,"114":0,"127":0,"128":0,"130":0,"131":0,"132":0,"133":0,"134":0,"138":0,"139":0,"142":0,"143":0,"144":0,"148":0,"149":0,"150":0,"151":0,"153":0,"154":0,"156":0,"159":0,"160":0,"163":0,"164":0,"166":1,"167":0,"168":0,"169":0,"170":0,"172":0,"175":0,"178":0,"184":0,"189":0,"192":0,"198":0,"202":0,"205":0,"213":1,"223":1,"224":1,"225":0,"226":0,"229":0,"232":0,"233":0,"235":0,"236":0,"237":0,"241":0,"242":0,"243":0,"248":0}},"/home/travis/build/npmtest/node-npmtest-director/director/lib/director/http/responses.js":{"path":"/home/travis/build/npmtest/node-npmtest-director/director/lib/director/http/responses.js","s":{"1":1,"2":1,"3":0,"4":0,"5":1,"6":1,"7":0,"8":0,"9":0,"10":0,"11":0,"12":1,"13":1,"14":0,"15":0,"16":0,"17":0,"18":0,"19":1,"20":1,"21":0,"22":0,"23":0,"24":0,"25":0,"26":1,"27":1,"28":0,"29":0,"30":0,"31":0,"32":0,"33":1,"34":1,"35":0,"36":0,"37":0,"38":0,"39":0,"40":1,"41":1,"42":0,"43":0,"44":0,"45":0,"46":0,"47":1,"48":1,"49":0,"50":0,"51":0,"52":0,"53":0,"54":1},"b":{"1":[0,0],"2":[0,0],"3":[0,0],"4":[0,0],"5":[0,0]},"f":{"1":0,"2":0,"3":0,"4":0,"5":0,"6":0,"7":0,"8":0},"fnMap":{"1":{"name":"(anonymous_1)","line":6,"loc":{"start":{"line":6,"column":22},"end":{"line":6,"column":34}}},"2":{"name":"(anonymous_2)","line":15,"loc":{"start":{"line":15,"column":21},"end":{"line":15,"column":36}}},"3":{"name":"(anonymous_3)","line":26,"loc":{"start":{"line":26,"column":24},"end":{"line":26,"column":39}}},"4":{"name":"(anonymous_4)","line":37,"loc":{"start":{"line":37,"column":20},"end":{"line":37,"column":35}}},"5":{"name":"(anonymous_5)","line":48,"loc":{"start":{"line":48,"column":19},"end":{"line":48,"column":34}}},"6":{"name":"(anonymous_6)","line":59,"loc":{"start":{"line":59,"column":27},"end":{"line":59,"column":46}}},"7":{"name":"(anonymous_7)","line":70,"loc":{"start":{"line":70,"column":24},"end":{"line":70,"column":42}}},"8":{"name":"(anonymous_8)","line":84,"loc":{"start":{"line":84,"column":25},"end":{"line":84,"column":40}}}},"statementMap":{"1":{"start":{"line":4,"column":0},"end":{"line":4,"column":27}},"2":{"start":{"line":6,"column":0},"end":{"line":11,"column":2}},"3":{"start":{"line":7,"column":2},"end":{"line":7,"column":20}},"4":{"start":{"line":8,"column":2},"end":{"line":10,"column":4}},"5":{"start":{"line":13,"column":0},"end":{"line":13,"column":42}},"6":{"start":{"line":15,"column":0},"end":{"line":22,"column":2}},"7":{"start":{"line":16,"column":2},"end":{"line":16,"column":29}},"8":{"start":{"line":18,"column":2},"end":{"line":18,"column":20}},"9":{"start":{"line":19,"column":2},"end":{"line":19,"column":20}},"10":{"start":{"line":20,"column":2},"end":{"line":20,"column":21}},"11":{"start":{"line":21,"column":2},"end":{"line":21,"column":29}},"12":{"start":{"line":24,"column":0},"end":{"line":24,"column":41}},"13":{"start":{"line":26,"column":0},"end":{"line":33,"column":2}},"14":{"start":{"line":27,"column":2},"end":{"line":27,"column":32}},"15":{"start":{"line":29,"column":2},"end":{"line":29,"column":20}},"16":{"start":{"line":30,"column":2},"end":{"line":30,"column":20}},"17":{"start":{"line":31,"column":2},"end":{"line":31,"column":21}},"18":{"start":{"line":32,"column":2},"end":{"line":32,"column":29}},"19":{"start":{"line":35,"column":0},"end":{"line":35,"column":44}},"20":{"start":{"line":37,"column":0},"end":{"line":44,"column":2}},"21":{"start":{"line":38,"column":2},"end":{"line":38,"column":32}},"22":{"start":{"line":40,"column":2},"end":{"line":40,"column":20}},"23":{"start":{"line":41,"column":2},"end":{"line":41,"column":20}},"24":{"start":{"line":42,"column":2},"end":{"line":42,"column":21}},"25":{"start":{"line":43,"column":2},"end":{"line":43,"column":29}},"26":{"start":{"line":46,"column":0},"end":{"line":46,"column":40}},"27":{"start":{"line":48,"column":0},"end":{"line":55,"column":2}},"28":{"start":{"line":49,"column":2},"end":{"line":49,"column":27}},"29":{"start":{"line":51,"column":2},"end":{"line":51,"column":20}},"30":{"start":{"line":52,"column":2},"end":{"line":52,"column":20}},"31":{"start":{"line":53,"column":2},"end":{"line":53,"column":21}},"32":{"start":{"line":54,"column":2},"end":{"line":54,"column":29}},"33":{"start":{"line":57,"column":0},"end":{"line":57,"column":39}},"34":{"start":{"line":59,"column":0},"end":{"line":66,"column":2}},"35":{"start":{"line":60,"column":2},"end":{"line":60,"column":34}},"36":{"start":{"line":62,"column":2},"end":{"line":62,"column":20}},"37":{"start":{"line":63,"column":2},"end":{"line":63,"column":36}},"38":{"start":{"line":64,"column":2},"end":{"line":64,"column":21}},"39":{"start":{"line":65,"column":2},"end":{"line":65,"column":29}},"40":{"start":{"line":68,"column":0},"end":{"line":68,"column":47}},"41":{"start":{"line":70,"column":0},"end":{"line":80,"column":2}},"42":{"start":{"line":71,"column":2},"end":{"line":71,"column":56}},"43":{"start":{"line":73,"column":2},"end":{"line":73,"column":20}},"44":{"start":{"line":74,"column":2},"end":{"line":74,"column":20}},"45":{"start":{"line":75,"column":2},"end":{"line":75,"column":21}},"46":{"start":{"line":76,"column":2},"end":{"line":79,"column":4}},"47":{"start":{"line":82,"column":0},"end":{"line":82,"column":44}},"48":{"start":{"line":84,"column":0},"end":{"line":91,"column":2}},"49":{"start":{"line":85,"column":2},"end":{"line":85,"column":33}},"50":{"start":{"line":87,"column":2},"end":{"line":87,"column":20}},"51":{"start":{"line":88,"column":2},"end":{"line":88,"column":20}},"52":{"start":{"line":89,"column":2},"end":{"line":89,"column":21}},"53":{"start":{"line":90,"column":2},"end":{"line":90,"column":29}},"54":{"start":{"line":93,"column":0},"end":{"line":93,"column":45}}},"branchMap":{"1":{"line":16,"type":"binary-expr","locations":[{"start":{"line":16,"column":8},"end":{"line":16,"column":11}},{"start":{"line":16,"column":15},"end":{"line":16,"column":28}}]},"2":{"line":27,"type":"binary-expr","locations":[{"start":{"line":27,"column":8},"end":{"line":27,"column":11}},{"start":{"line":27,"column":15},"end":{"line":27,"column":31}}]},"3":{"line":38,"type":"binary-expr","locations":[{"start":{"line":38,"column":8},"end":{"line":38,"column":11}},{"start":{"line":38,"column":15},"end":{"line":38,"column":31}}]},"4":{"line":49,"type":"binary-expr","locations":[{"start":{"line":49,"column":8},"end":{"line":49,"column":11}},{"start":{"line":49,"column":15},"end":{"line":49,"column":26}}]},"5":{"line":85,"type":"binary-expr","locations":[{"start":{"line":85,"column":8},"end":{"line":85,"column":11}},{"start":{"line":85,"column":15},"end":{"line":85,"column":32}}]}},"code":["//","// HTTP Error objectst","//","var util = require('util');","","exports.NotModified = function () {","  this.status = 304;","  this.options = {","    removeContentHeaders: true","  };","};","","util.inherits(exports.NotModified, Error);","","exports.BadRequest = function (msg) {","  msg = msg || 'Bad request';","","  this.status = 400;","  this.headers = {};","  this.message = msg;","  this.body = { error: msg };","};","","util.inherits(exports.BadRequest, Error);","","exports.NotAuthorized = function (msg) {","  msg = msg || 'Not Authorized';","","  this.status = 401;","  this.headers = {};","  this.message = msg;","  this.body = { error: msg };","};","","util.inherits(exports.NotAuthorized, Error);","","exports.Forbidden = function (msg) {","  msg = msg || 'Not Authorized';","","  this.status = 403;","  this.headers = {};","  this.message = msg;","  this.body = { error: msg };","};","","util.inherits(exports.Forbidden, Error);","","exports.NotFound = function (msg) {","  msg = msg || 'Not Found';","","  this.status = 404;","  this.headers = {};","  this.message = msg;","  this.body = { error: msg };","};","","util.inherits(exports.NotFound, Error);","","exports.MethodNotAllowed = function (allowed) {","  var msg = 'method not allowed.';","","  this.status = 405;","  this.headers = { allow: allowed };","  this.message = msg;","  this.body = { error: msg };","};","","util.inherits(exports.MethodNotAllowed, Error);","","exports.NotAcceptable = function (accept) {","  var msg = 'cannot generate \"' + accept + '\" response';","","  this.status = 406;","  this.headers = {};","  this.message = msg;","  this.body = {","    error: msg,","    only: 'application/json'","  };","};","","util.inherits(exports.NotAcceptable, Error);","","exports.NotImplemented = function (msg) {","  msg = msg || 'Not Implemented';","","  this.status = 501;","  this.headers = {};","  this.message = msg;","  this.body = { error: msg };","};","","util.inherits(exports.NotImplemented, Error);",""],"l":{"4":1,"6":1,"7":0,"8":0,"13":1,"15":1,"16":0,"18":0,"19":0,"20":0,"21":0,"24":1,"26":1,"27":0,"29":0,"30":0,"31":0,"32":0,"35":1,"37":1,"38":0,"40":0,"41":0,"42":0,"43":0,"46":1,"48":1,"49":0,"51":0,"52":0,"53":0,"54":0,"57":1,"59":1,"60":0,"62":0,"63":0,"64":0,"65":0,"68":1,"70":1,"71":0,"73":0,"74":0,"75":0,"76":0,"82":1,"84":1,"85":0,"87":0,"88":0,"89":0,"90":0,"93":1}},"/home/travis/build/npmtest/node-npmtest-director/director/lib/director/http/methods.js":{"path":"/home/travis/build/npmtest/node-npmtest-director/director/lib/director/http/methods.js","s":{"1":1,"2":1,"3":1,"4":1,"5":1,"6":1,"7":1,"8":1,"9":29},"b":{},"f":{"1":29},"fnMap":{"1":{"name":"(anonymous_1)","line":64,"loc":{"start":{"line":64,"column":6},"end":{"line":64,"column":24}}}},"statementMap":{"1":{"start":{"line":15,"column":0},"end":{"line":15,"column":78}},"2":{"start":{"line":21,"column":0},"end":{"line":21,"column":83}},"3":{"start":{"line":27,"column":0},"end":{"line":27,"column":158}},"4":{"start":{"line":33,"column":0},"end":{"line":33,"column":29}},"5":{"start":{"line":39,"column":0},"end":{"line":39,"column":22}},"6":{"start":{"line":45,"column":0},"end":{"line":45,"column":25}},"7":{"start":{"line":51,"column":0},"end":{"line":51,"column":24}},"8":{"start":{"line":56,"column":0},"end":{"line":66,"column":3}},"9":{"start":{"line":65,"column":2},"end":{"line":65,"column":30}}},"branchMap":{},"code":["/*!"," * Express - router - methods"," * Copyright(c) 2010 TJ Holowaychuk <tj@vision-media.ca>"," * MIT Licensed"," *"," * Adapted for director"," * (C) 2011 Charlie Robbins, Paolo Fraogmeni, & the Contributors."," *"," */","","/**"," * Hypertext Transfer Protocol -- HTTP/1.1"," * http://www.ietf.org/rfc/rfc2616.txt"," */","var RFC2616 = ['OPTIONS', 'GET', 'POST', 'PUT', 'DELETE', 'TRACE', 'CONNECT'];","","/**"," * HTTP Extensions for Distributed Authoring -- WEBDAV"," * http://www.ietf.org/rfc/rfc2518.txt"," */","var RFC2518 = ['PROPFIND', 'PROPPATCH', 'MKCOL', 'COPY', 'MOVE', 'LOCK', 'UNLOCK'];","","/**"," * Versioning Extensions to WebDAV"," * http://www.ietf.org/rfc/rfc3253.txt"," */","var RFC3253 = ['VERSION-CONTROL', 'REPORT', 'CHECKOUT', 'CHECKIN', 'UNCHECKOUT', 'MKWORKSPACE', 'UPDATE', 'LABEL', 'MERGE', 'BASELINE-CONTROL', 'MKACTIVITY'];","","/**"," * Ordered Collections Protocol (WebDAV)"," * http://www.ietf.org/rfc/rfc3648.txt"," */","var RFC3648 = ['ORDERPATCH'];","","/**"," * Web Distributed Authoring and Versioning (WebDAV) Access Control Protocol"," * http://www.ietf.org/rfc/rfc3744.txt"," */","var RFC3744 = ['ACL'];","","/**"," * Web Distributed Authoring and Versioning (WebDAV) SEARCH"," * http://www.ietf.org/rfc/rfc5323.txt"," */","var RFC5323 = ['SEARCH'];","","/**"," * PATCH Method for HTTP"," * http://www.ietf.org/rfc/rfc5789.txt"," */","var RFC5789 = ['PATCH'];","","/**"," * Expose the methods."," */","module.exports = [].concat(","  RFC2616,","  RFC2518,","  RFC3253,","  RFC3648,","  RFC3744,","  RFC5323,","  RFC5789",").map(function (method) {","  return method.toLowerCase();","});",""],"l":{"15":1,"21":1,"27":1,"33":1,"39":1,"45":1,"51":1,"56":1,"65":29}},"/home/travis/build/npmtest/node-npmtest-director/director/lib/director/cli.js":{"path":"/home/travis/build/npmtest/node-npmtest-director/director/lib/director/cli.js","s":{"1":1,"2":1,"3":0,"4":0,"5":1,"6":1,"7":0,"8":0,"9":0,"10":0,"11":1,"12":0,"13":0,"14":0,"15":0,"16":0,"17":0,"18":0,"19":0,"20":0,"21":0,"22":0,"23":0},"b":{"1":[0,0],"2":[0,0],"3":[0,0],"4":[0,0],"5":[0,0],"6":[0,0]},"f":{"1":0,"2":0,"3":0},"fnMap":{"1":{"name":"(anonymous_1)","line":5,"loc":{"start":{"line":5,"column":30},"end":{"line":5,"column":48}}},"2":{"name":"(anonymous_2)","line":20,"loc":{"start":{"line":20,"column":29},"end":{"line":20,"column":48}}},"3":{"name":"(anonymous_3)","line":40,"loc":{"start":{"line":40,"column":28},"end":{"line":40,"column":67}}}},"statementMap":{"1":{"start":{"line":2,"column":0},"end":{"line":3,"column":44}},"2":{"start":{"line":5,"column":0},"end":{"line":8,"column":2}},"3":{"start":{"line":6,"column":2},"end":{"line":6,"column":32}},"4":{"start":{"line":7,"column":2},"end":{"line":7,"column":23}},"5":{"start":{"line":13,"column":0},"end":{"line":13,"column":34}},"6":{"start":{"line":20,"column":0},"end":{"line":30,"column":2}},"7":{"start":{"line":21,"column":2},"end":{"line":21,"column":26}},"8":{"start":{"line":22,"column":2},"end":{"line":22,"column":53}},"9":{"start":{"line":28,"column":2},"end":{"line":28,"column":25}},"10":{"start":{"line":29,"column":2},"end":{"line":29,"column":14}},"11":{"start":{"line":40,"column":0},"end":{"line":65,"column":2}},"12":{"start":{"line":46,"column":2},"end":{"line":46,"column":20}},"13":{"start":{"line":47,"column":2},"end":{"line":47,"column":57}},"14":{"start":{"line":48,"column":2},"end":{"line":57,"column":3}},"15":{"start":{"line":49,"column":4},"end":{"line":54,"column":5}},"16":{"start":{"line":50,"column":6},"end":{"line":50,"column":60}},"17":{"start":{"line":52,"column":9},"end":{"line":54,"column":5}},"18":{"start":{"line":53,"column":6},"end":{"line":53,"column":58}},"19":{"start":{"line":56,"column":4},"end":{"line":56,"column":17}},"20":{"start":{"line":59,"column":2},"end":{"line":61,"column":3}},"21":{"start":{"line":60,"column":4},"end":{"line":60,"column":24}},"22":{"start":{"line":63,"column":2},"end":{"line":63,"column":68}},"23":{"start":{"line":64,"column":2},"end":{"line":64,"column":14}}},"branchMap":{"1":{"line":21,"type":"binary-expr","locations":[{"start":{"line":21,"column":12},"end":{"line":21,"column":19}},{"start":{"line":21,"column":23},"end":{"line":21,"column":25}}]},"2":{"line":48,"type":"if","locations":[{"start":{"line":48,"column":2},"end":{"line":48,"column":2}},{"start":{"line":48,"column":2},"end":{"line":48,"column":2}}]},"3":{"line":48,"type":"binary-expr","locations":[{"start":{"line":48,"column":6},"end":{"line":48,"column":10}},{"start":{"line":48,"column":14},"end":{"line":48,"column":30}}]},"4":{"line":49,"type":"if","locations":[{"start":{"line":49,"column":4},"end":{"line":49,"column":4}},{"start":{"line":49,"column":4},"end":{"line":49,"column":4}}]},"5":{"line":52,"type":"if","locations":[{"start":{"line":52,"column":9},"end":{"line":52,"column":9}},{"start":{"line":52,"column":9},"end":{"line":52,"column":9}}]},"6":{"line":59,"type":"if","locations":[{"start":{"line":59,"column":2},"end":{"line":59,"column":2}},{"start":{"line":59,"column":2},"end":{"line":59,"column":2}}]}},"code":["","var util = require('util'),","    BaseRouter = require('./router').Router;","","var Router = exports.Router = function (routes) {","  BaseRouter.call(this, routes);","  this.recurse = false;","};","","//","// Inherit from `BaseRouter`.","//","util.inherits(Router, BaseRouter);","","//","// ### function configure (options)","// #### @options {Object} **Optional** Options to configure this instance with","// Configures this instance with the specified `options`.","//","Router.prototype.configure = function (options) {","  options = options || {};","  BaseRouter.prototype.configure.call(this, options);","","  //","  // Delimiter must always be `\\s` in CLI routing.","  // e.g. `jitsu users create`","  //","  this.delimiter = '\\\\s';","  return this;","};","","//","// ### function dispatch (method, path)","// #### @method {string} Method to dispatch","// #### @path {string} Path to dispatch","// Finds a set of functions on the traversal towards","// `method` and `path` in the core routing table then","// invokes them based on settings in this instance.","//","Router.prototype.dispatch = function (method, path, tty, callback) {","  //","  // Prepend a single space onto the path so that the traversal","  // algorithm will recognize it. This is because we always assume","  // that the `path` begins with `this.delimiter`.","  //","  path = ' ' + path;","  var fns = this.traverse(method, path, this.routes, '');","  if (!fns || fns.length === 0) {","    if (typeof this.notfound === 'function') {","      this.notfound.call({ tty: tty, cmd: path }, callback);","    }","    else if (callback) {","      callback(new Error('Could not find path: ' + path));","    }","","    return false;","  }","","  if (this.recurse === 'forward') {","    fns = fns.reverse();","  }","","  this.invoke(this.runlist(fns), { tty: tty, cmd: path }, callback);","  return true;","};",""],"l":{"2":1,"5":1,"6":0,"7":0,"13":1,"20":1,"21":0,"22":0,"28":0,"29":0,"40":1,"46":0,"47":0,"48":0,"49":0,"50":0,"52":0,"53":0,"56":0,"59":0,"60":0,"63":0,"64":0}}}